May 20, 2025 5:09:12 PM gui.Main log
INFO: Welcome to the most fantastic *Djeneric Dungeon Crawler!*

May 20, 2025 5:09:12 PM gui.Main log
INFO: You stride into the fiendishly not very difficult Caverns of Adoddle

May 20, 2025 5:09:14 PM gui.Main logFileOnly
INFO: pressed up
May 20, 2025 5:09:14 PM gui.Main log
INFO: You encountered Glarg, wow they look disgusting. Time to battle!
You hit Glarg for 3HP.
Pow! Biff! Wallop! Knock out!
You were victorious! You gained 5 xp.

May 20, 2025 5:09:16 PM gui.Main logFileOnly
INFO: pressed down
May 20, 2025 5:09:16 PM gui.Main log
INFO: You stride into the fiendishly not very difficult Caverns of Adoddle

May 20, 2025 5:09:17 PM gui.Main logFileOnly
INFO: pressed right
May 20, 2025 5:09:17 PM gui.Main log
INFO: There is nothing here

May 20, 2025 5:09:18 PM gui.Main logFileOnly
INFO: pressed right
May 20, 2025 5:09:18 PM gui.Main log
INFO: There is nothing here

May 20, 2025 5:09:19 PM gui.Main logFileOnly
INFO: pressed up
May 20, 2025 5:09:19 PM gui.Main log
INFO: You encountered Wharg, who does not look happy to see you. Time to battle!
You hit Wharg for 1HP.
Wharg hits you for 1HP.
You hit Wharg for 1HP.
Wharg hits you for 1HP.
You hit Wharg for 2HP.
The monster comes crashing to the floor...
You were victorious! You gained 5 xp.

May 20, 2025 5:09:19 PM gui.Main logFileOnly
INFO: pressed up
May 20, 2025 5:09:19 PM gui.Main log
INFO: You found 1 gold!

May 20, 2025 5:09:20 PM gui.Main logFileOnly
INFO: pressed down
May 20, 2025 5:09:20 PM gui.Main log
INFO: Here lies the corpse of Wharg

May 20, 2025 5:09:20 PM gui.Main logFileOnly
INFO: pressed right
May 20, 2025 5:09:20 PM gui.Main log
INFO: You can't move here! Try again.

May 20, 2025 5:09:21 PM gui.Main logFileOnly
INFO: pressed down
May 20, 2025 5:09:21 PM gui.Main log
INFO: There is nothing here

May 20, 2025 5:09:21 PM gui.Main logFileOnly
INFO: pressed right
May 20, 2025 5:09:21 PM gui.Main log
INFO: You found 1 gold!

May 20, 2025 5:09:22 PM gui.Main logFileOnly
INFO: pressed down
May 20, 2025 5:09:22 PM gui.Main log
INFO: You encountered Klerp. He roars and stomps the ground. Uh-oh. Time to battle!
You hit Klerp for 1HP.
Klerp hits you for 1HP.
You hit Klerp for 2HP.
Ka-chunk! Blergh!
You were victorious! You gained 5 xp.

May 20, 2025 5:09:23 PM gui.Main logFileOnly
INFO: pressed left
May 20, 2025 5:09:23 PM gui.Main log
INFO: There is nothing here

May 20, 2025 5:09:23 PM gui.Main logFileOnly
INFO: pressed down
May 20, 2025 5:09:23 PM gui.Main log
INFO: You encountered Klang. Watch out! Time to battle!
You hit Klang for 1HP.
Klang hits you for 1HP.
You hit Klang for 2HP.
Pow! Biff! Wallop! Knock out!
You were victorious! You gained 5 xp.

May 20, 2025 5:09:24 PM gui.Main logFileOnly
INFO: pressed left
May 20, 2025 5:09:24 PM gui.Main log
INFO: You can't move here! Try again.

May 20, 2025 5:09:25 PM gui.Main logFileOnly
INFO: pressed left
May 20, 2025 5:09:25 PM gui.Main log
INFO: You can't move here! Try again.

May 20, 2025 5:09:28 PM gui.Main logFileOnly
INFO: pressed left
May 20, 2025 5:09:28 PM gui.Main log
INFO: You can't move here! Try again.

May 20, 2025 5:09:28 PM gui.Main logFileOnly
INFO: pressed left
May 20, 2025 5:09:28 PM gui.Main log
INFO: You can't move here! Try again.

May 20, 2025 5:09:28 PM gui.Main logFileOnly
INFO: pressed left
May 20, 2025 5:09:28 PM gui.Main log
INFO: You can't move here! Try again.

May 20, 2025 5:09:29 PM gui.Main logFileOnly
INFO: pressed left
May 20, 2025 5:09:29 PM gui.Main log
INFO: You can't move here! Try again.

May 20, 2025 5:09:29 PM gui.Main logFileOnly
INFO: pressed left
May 20, 2025 5:09:29 PM gui.Main log
INFO: You can't move here! Try again.

May 20, 2025 5:09:29 PM gui.Main logFileOnly
INFO: pressed left
May 20, 2025 5:09:29 PM gui.Main log
INFO: You can't move here! Try again.

May 20, 2025 5:09:29 PM gui.Main logFileOnly
INFO: pressed left
May 20, 2025 5:09:29 PM gui.Main log
INFO: You can't move here! Try again.

May 20, 2025 5:09:29 PM gui.Main logFileOnly
INFO: pressed left
May 20, 2025 5:09:29 PM gui.Main log
INFO: You can't move here! Try again.

May 20, 2025 5:09:30 PM gui.Main logFileOnly
INFO: pressed left
May 20, 2025 5:09:30 PM gui.Main log
INFO: You can't move here! Try again.

May 20, 2025 5:09:30 PM gui.Main logFileOnly
INFO: pressed left
May 20, 2025 5:09:30 PM gui.Main log
INFO: You can't move here! Try again.

May 20, 2025 5:09:30 PM gui.Main logFileOnly
INFO: pressed left
May 20, 2025 5:09:30 PM gui.Main log
INFO: You can't move here! Try again.

May 20, 2025 5:09:30 PM gui.Main logFileOnly
INFO: pressed left
May 20, 2025 5:09:30 PM gui.Main log
INFO: You can't move here! Try again.

May 20, 2025 5:09:31 PM gui.Main logFileOnly
INFO: pressed up
May 20, 2025 5:09:31 PM gui.Main log
INFO: There is nothing here

May 20, 2025 5:09:32 PM gui.Main logFileOnly
INFO: pressed up
May 20, 2025 5:09:32 PM gui.Main log
INFO: There is nothing here

May 20, 2025 5:09:33 PM gui.Main logFileOnly
INFO: pressed right
May 20, 2025 5:09:33 PM gui.Main log
INFO: You've already collected the gold from here.

May 20, 2025 5:09:35 PM gui.Main logFileOnly
INFO: pressed down
May 20, 2025 5:09:35 PM gui.Main log
INFO: Here lies the corpse of Klerp

May 20, 2025 5:09:36 PM gui.Main logFileOnly
INFO: pressed up
May 20, 2025 5:09:36 PM gui.Main log
INFO: You've already collected the gold from here.

May 20, 2025 5:09:37 PM gui.Main logFileOnly
INFO: pressed left
May 20, 2025 5:09:37 PM gui.Main log
INFO: There is nothing here

May 20, 2025 5:09:37 PM gui.Main logFileOnly
INFO: pressed up
May 20, 2025 5:09:37 PM gui.Main log
INFO: Here lies the corpse of Wharg

