May 20, 2025 5:06:40 PM gui.Main log
INFO: Welcome to the most fantastic *Djeneric Dungeon Crawler!*

May 20, 2025 5:06:40 PM gui.Main log
INFO: You stride into the fiendishly not very difficult Caverns of Adoddle

May 20, 2025 5:06:43 PM gui.Main logFileOnly
INFO: pressed up
May 20, 2025 5:06:45 PM gui.Main logFileOnly
INFO: pressed down
May 20, 2025 5:06:45 PM gui.Main log
INFO: You stride into the fiendishly not very difficult Caverns of Adoddle

May 20, 2025 5:06:46 PM gui.Main logFileOnly
INFO: pressed right
May 20, 2025 5:06:46 PM gui.Main log
INFO: There is nothing here

May 20, 2025 5:06:47 PM gui.Main logFileOnly
INFO: pressed left
May 20, 2025 5:06:47 PM gui.Main log
INFO: You stride into the fiendishly not very difficult Caverns of Adoddle

May 20, 2025 5:06:54 PM gui.Main logFileOnly
INFO: pressed up
May 20, 2025 5:06:54 PM gui.Main log
INFO: You encountered Blerp, who is a very hairy monster. Time to battle!
You hit Blerp for 3HP.
The monster comes crashing to the floor...
You were victorious! You gained 5 xp.

May 20, 2025 5:06:59 PM gui.Main logFileOnly
INFO: pressed down
May 20, 2025 5:06:59 PM gui.Main log
INFO: You stride into the fiendishly not very difficult Caverns of Adoddle

May 20, 2025 5:06:59 PM gui.Main logFileOnly
INFO: pressed right
May 20, 2025 5:06:59 PM gui.Main log
INFO: There is nothing here

May 20, 2025 5:07:00 PM gui.Main logFileOnly
INFO: pressed right
May 20, 2025 5:07:00 PM gui.Main log
INFO: There is nothing here

May 20, 2025 5:07:01 PM gui.Main logFileOnly
INFO: pressed right
May 20, 2025 5:07:01 PM gui.Main log
INFO: You found 1 gold!

May 20, 2025 5:07:02 PM gui.Main logFileOnly
INFO: pressed down
May 20, 2025 5:07:02 PM gui.Main log
INFO: You encountered Karump - ew, slimy. Time to battle!
You hit Karump for 1HP.
Karump hits you for 1HP.
You hit Karump for 2HP.
Ka-chunk! Blergh!
You were victorious! You gained 5 xp.

May 20, 2025 5:07:03 PM gui.Main logFileOnly
INFO: pressed left
May 20, 2025 5:07:03 PM gui.Main log
INFO: There is nothing here

May 20, 2025 5:07:04 PM gui.Main logFileOnly
INFO: pressed down
May 20, 2025 5:07:04 PM gui.Main log
INFO: You encountered Flumpk - ew, slimy. Time to battle!
You hit Flumpk for 3HP.
The monster comes crashing to the floor...
You were victorious! You gained 5 xp.

May 20, 2025 5:07:04 PM gui.Main logFileOnly
INFO: pressed left
May 20, 2025 5:07:04 PM gui.Main log
INFO: You can't move here! Try again.

May 20, 2025 5:07:05 PM gui.Main logFileOnly
INFO: pressed down
May 20, 2025 5:07:05 PM gui.Main log
INFO: 
**************
You take the stairs. They lead to another dungeon. Your HP has been reset. Weird.

You hold your breath as you creep through the back entrance of The Putrescent Castle of Rafflesia


