May 20, 2025 9:20:44 PM gui.Main log
INFO: Welcome to the most fantastic *Djeneric Dungeon Crawler!*

May 20, 2025 9:20:44 PM gui.Main log
INFO: You stride into the fiendishly not very difficult Caverns of Adoddle

May 20, 2025 9:20:46 PM gui.Main logFileOnly
INFO: pressed up
May 20, 2025 9:20:46 PM gui.Main log
INFO: You found 1 gold!

May 20, 2025 9:20:47 PM gui.Main logFileOnly
INFO: pressed up
May 20, 2025 9:20:47 PM gui.Main log
INFO: You encountered Glarg. Woah. Good luck! Time to battle!
You hit Glarg for 3HP.
Pow! Biff! Wallop! Knock out!
You were victorious! You gained 5 xp.

May 20, 2025 9:20:47 PM gui.Main logFileOnly
INFO: pressed up
May 20, 2025 9:20:47 PM gui.Main log
INFO: There is nothing here

May 20, 2025 9:20:47 PM gui.Main logFileOnly
INFO: pressed up
May 20, 2025 9:20:47 PM gui.Main log
INFO: There is nothing here

May 20, 2025 9:20:48 PM gui.Main logFileOnly
INFO: pressed left
May 20, 2025 9:20:48 PM gui.Main log
INFO: You found 1 gold!

May 20, 2025 9:20:49 PM gui.Main logFileOnly
INFO: pressed up
May 20, 2025 9:20:49 PM gui.Main log
INFO: You found 1 gold!

May 20, 2025 9:20:49 PM gui.Main logFileOnly
INFO: pressed right
May 20, 2025 9:20:49 PM gui.Main log
INFO: There is nothing here

May 20, 2025 9:20:50 PM gui.Main logFileOnly
INFO: pressed right
May 20, 2025 9:20:50 PM gui.Main logFileOnly
INFO: pressed right
May 20, 2025 9:20:50 PM gui.Main log
INFO: This door requires 2 gold to open. You only have 3 gold. You cannot pass through.

May 20, 2025 9:20:58 PM gui.Main logFileOnly
INFO: pressed left
May 20, 2025 9:20:58 PM gui.Main log
INFO: There is nothing here

May 20, 2025 9:20:58 PM gui.Main logFileOnly
INFO: pressed left
May 20, 2025 9:20:58 PM gui.Main log
INFO: You've already collected the gold from here.

May 20, 2025 9:20:59 PM gui.Main logFileOnly
INFO: pressed right
May 20, 2025 9:20:59 PM gui.Main log
INFO: There is nothing here

May 20, 2025 9:21:00 PM gui.Main logFileOnly
INFO: pressed right
May 20, 2025 9:21:00 PM gui.Main log
INFO: You encountered Wharg, wow they look disgusting. Time to battle!
You hit Wharg for 3HP.
Ka-chunk! Blergh!
You were victorious! You gained 5 xp.

May 20, 2025 9:21:04 PM gui.Main logFileOnly
INFO: pressed right
May 20, 2025 9:21:04 PM gui.Main log
INFO: This door requires 2 gold to open. You only have 3 gold. You cannot pass through.

May 20, 2025 9:21:05 PM gui.Main logFileOnly
INFO: pressed right
May 20, 2025 9:21:05 PM gui.Main log
INFO: This door requires 2 gold to open. You only have 3 gold. You cannot pass through.

