May 20, 2025 4:56:08 PM gui.Main log
INFO: Welcome to the most fantastic *Djeneric Dungeon Crawler!*

May 20, 2025 4:56:08 PM gui.Main log
INFO: You stride into the fiendishly not very difficult Caverns of Adoddle

May 20, 2025 4:56:11 PM gui.Main logFileOnly
INFO: pressed up
May 20, 2025 4:56:11 PM gui.Main log
INFO: You found 1 gold!

May 20, 2025 4:56:12 PM gui.Main logFileOnly
INFO: pressed up
May 20, 2025 4:56:12 PM gui.Main log
INFO: You encountered Drerf, who does not look happy to see you. Time to battle!
You hit Drerf for 3HP.
Pow! Biff! Wallop! Knock out!
You were victorious! You gained 5 xp.

May 20, 2025 4:56:16 PM gui.Main logFileOnly
INFO: pressed up
May 20, 2025 4:56:16 PM gui.Main log
INFO: There is nothing here

May 20, 2025 4:56:17 PM gui.Main logFileOnly
INFO: pressed up
May 20, 2025 4:56:17 PM gui.Main log
INFO: There is nothing here

May 20, 2025 4:56:20 PM gui.Main logFileOnly
INFO: pressed left
May 20, 2025 4:56:20 PM gui.Main log
INFO: You found 1 gold!

May 20, 2025 4:56:22 PM gui.Main logFileOnly
INFO: pressed up
May 20, 2025 4:56:22 PM gui.Main log
INFO: You found 1 gold!

May 20, 2025 4:56:23 PM gui.Main logFileOnly
INFO: pressed right
May 20, 2025 4:56:23 PM gui.Main log
INFO: There is nothing here

May 20, 2025 4:56:24 PM gui.Main logFileOnly
INFO: pressed right
May 20, 2025 4:56:24 PM gui.Main log
INFO: You encountered Wharg. It doesn't seem to like you. Time to battle!
You hit Wharg for 3HP.
The monster comes crashing to the floor...
You were victorious! You gained 5 xp.

May 20, 2025 4:56:27 PM gui.Main logFileOnly
INFO: pressed right
May 20, 2025 4:56:27 PM gui.Main log
INFO: 
**************
You take the stairs. They lead to another dungeon. Your HP has been reset. Weird.

You hold your breath as you creep through the back entrance of The Putrescent Castle of Rafflesia


May 20, 2025 4:56:29 PM gui.Main logFileOnly
INFO: pressed up
May 20, 2025 4:56:29 PM gui.Main log
INFO: You encountered Karump, who is a very hairy monster. Time to battle!
You hit Karump for 2HP.
Karump hits you for 3HP.
You hit Karump for 2HP.
Karump hits you for 1HP.
You hit Karump for 2HP.
Ka-chunk! Blergh!
You were victorious! You gained 10 xp.
You levelled up! Your new level is 2

May 20, 2025 4:56:32 PM gui.Main logFileOnly
INFO: pressed up
May 20, 2025 4:56:32 PM gui.Main log
INFO: There is nothing here

May 20, 2025 4:56:39 PM gui.Main logFileOnly
INFO: pressed up
May 20, 2025 4:56:39 PM gui.Main log
INFO: There is nothing here

May 20, 2025 4:56:41 PM gui.Main logFileOnly
INFO: pressed up
May 20, 2025 4:56:41 PM gui.Main log
INFO: There is nothing here

May 20, 2025 4:56:43 PM gui.Main logFileOnly
INFO: pressed left
May 20, 2025 4:56:43 PM gui.Main log
INFO: You encountered Drerf - ew, slimy. Time to battle!
You hit Drerf for 5HP.
Drerf hits you for 2HP.
You hit Drerf for 6HP.
Ka-chunk! Blergh!
You were victorious! You gained 10 xp.

May 20, 2025 4:56:46 PM gui.Main logFileOnly
INFO: pressed left
May 20, 2025 4:56:46 PM gui.Main log
INFO: You found 2 gold!

May 20, 2025 4:56:47 PM gui.Main logFileOnly
INFO: pressed up
May 20, 2025 4:56:47 PM gui.Main log
INFO: You encountered Klerp. It doesn't seem to like you. Time to battle!
You hit Klerp for 5HP.
Klerp hits you for 1HP.
You hit Klerp for 2HP.
Ka-chunk! Blergh!
You were victorious! You gained 10 xp.

May 20, 2025 4:56:50 PM gui.Main logFileOnly
INFO: pressed up
May 20, 2025 4:56:50 PM gui.Main log
INFO: 
You take the stairs, going down another floor...


May 20, 2025 4:56:56 PM gui.Main logFileOnly
INFO: pressed right
May 20, 2025 4:56:56 PM gui.Main log
INFO: You encountered Wharg, a terrifying beasty I must say. Time to battle!
You hit Wharg for 5HP.
Wharg hits you for 2HP.
You hit Wharg for 5HP.
Pow! Biff! Wallop! Knock out!
You were victorious! You gained 10 xp.

May 20, 2025 4:56:57 PM gui.Main logFileOnly
INFO: pressed right
May 20, 2025 4:56:57 PM gui.Main log
INFO: There is nothing here

May 20, 2025 4:56:57 PM gui.Main logFileOnly
INFO: pressed up
May 20, 2025 4:56:57 PM gui.Main log
INFO: There is nothing here

May 20, 2025 4:56:58 PM gui.Main logFileOnly
INFO: pressed right
May 20, 2025 4:56:58 PM gui.Main log
INFO: There is nothing here

May 20, 2025 4:56:59 PM gui.Main logFileOnly
INFO: pressed up
May 20, 2025 4:56:59 PM gui.Main log
INFO: You found 2 gold!

May 20, 2025 4:57:00 PM gui.Main logFileOnly
INFO: pressed up
May 20, 2025 4:57:00 PM gui.Main log
INFO: There is nothing here

May 20, 2025 4:57:01 PM gui.Main logFileOnly
INFO: pressed left
May 20, 2025 4:57:01 PM gui.Main log
INFO: You encountered Karump, a terrifying beasty I must say. Time to battle!
You hit Karump for 5HP.
Karump hits you for 2HP.
You hit Karump for 3HP.
The monster comes crashing to the floor...
You were victorious! You gained 10 xp.

May 20, 2025 4:57:02 PM gui.Main logFileOnly
INFO: pressed up
May 20, 2025 4:57:02 PM gui.Main log
INFO: There is nothing here

May 20, 2025 4:57:03 PM gui.Main logFileOnly
INFO: pressed right
May 20, 2025 4:57:03 PM gui.Main log
INFO: You encountered Karump. Woah. Good luck! Time to battle!
You hit Karump for 3HP.
Karump hits you for 1HP.
You hit Karump for 2HP.
Karump hits you for 2HP.
You hit Karump for 2HP.
Ka-chunk! Blergh!
You were victorious! You gained 10 xp.

May 20, 2025 4:57:05 PM gui.Main logFileOnly
INFO: pressed left
May 20, 2025 4:57:05 PM gui.Main log
INFO: There is nothing here

May 20, 2025 4:57:11 PM gui.Main logFileOnly
INFO: pressed up
May 20, 2025 4:57:11 PM gui.Main log
INFO: There is nothing here

May 20, 2025 4:57:11 PM gui.Main logFileOnly
INFO: pressed up
May 20, 2025 4:57:11 PM gui.Main log
INFO: 
**************
You take the stairs. They lead to another dungeon. Your HP has been reset. Weird.

You take some aspirin as you prepare to navigate the Torturous Labyrinth of Moderate-To-Really-Quite-Painful Toothache


