May 20, 2025 9:22:54 PM gui.Main log
INFO: Welcome to the most fantastic *Djeneric Dungeon Crawler!*

May 20, 2025 9:22:54 PM gui.Main log
INFO: You stride into the fiendishly not very difficult Caverns of Adoddle

May 20, 2025 9:22:56 PM gui.Main logFileOnly
INFO: pressed up
May 20, 2025 9:22:56 PM gui.Main log
INFO: You found 1 gold!

May 20, 2025 9:22:57 PM gui.Main logFileOnly
INFO: pressed up
May 20, 2025 9:22:57 PM gui.Main log
INFO: You encountered Glarg, who is a very hairy monster. Time to battle!
You hit Glarg for 3HP.
Pow! Biff! Wallop! Knock out!
You were victorious! You gained 5 xp.

May 20, 2025 9:22:57 PM gui.Main logFileOnly
INFO: pressed up
May 20, 2025 9:22:57 PM gui.Main log
INFO: There is nothing here

May 20, 2025 9:22:58 PM gui.Main logFileOnly
INFO: pressed up
May 20, 2025 9:22:58 PM gui.Main log
INFO: There is nothing here

May 20, 2025 9:22:59 PM gui.Main logFileOnly
INFO: pressed left
May 20, 2025 9:22:59 PM gui.Main log
INFO: You found 1 gold!

May 20, 2025 9:22:59 PM gui.Main logFileOnly
INFO: pressed up
May 20, 2025 9:22:59 PM gui.Main log
INFO: You found 1 gold!

May 20, 2025 9:23:00 PM gui.Main logFileOnly
INFO: pressed right
May 20, 2025 9:23:00 PM gui.Main log
INFO: There is nothing here

May 20, 2025 9:23:00 PM gui.Main logFileOnly
INFO: pressed right
May 20, 2025 9:23:01 PM gui.Main logFileOnly
INFO: pressed right
May 20, 2025 9:23:01 PM gui.Main log
INFO: Error: You should be able to open this door with your 3 gold.

May 20, 2025 9:23:07 PM gui.Main logFileOnly
INFO: pressed left
May 20, 2025 9:23:07 PM gui.Main log
INFO: There is nothing here

May 20, 2025 9:23:08 PM gui.Main logFileOnly
INFO: pressed left
May 20, 2025 9:23:08 PM gui.Main log
INFO: You've already collected the gold from here.

May 20, 2025 9:23:09 PM gui.Main logFileOnly
INFO: pressed right
May 20, 2025 9:23:09 PM gui.Main log
INFO: There is nothing here

May 20, 2025 9:23:10 PM gui.Main logFileOnly
INFO: pressed right
May 20, 2025 9:23:10 PM gui.Main log
INFO: You encountered Wharg. "Grr!" they shout, very convincingly. Time to battle!
You hit Wharg for 2HP.
Pow! Biff! Wallop! Knock out!
You were victorious! You gained 5 xp.

May 20, 2025 9:23:10 PM gui.Main logFileOnly
INFO: pressed right
May 20, 2025 9:23:10 PM gui.Main log
INFO: Error: You should be able to open this door with your 3 gold.

May 20, 2025 9:23:15 PM gui.Main logFileOnly
INFO: pressed right
May 20, 2025 9:23:15 PM gui.Main log
INFO: Error: You should be able to open this door with your 3 gold.

May 20, 2025 9:24:45 PM gui.Main logFileOnly
INFO: pressed left
May 20, 2025 9:24:45 PM gui.Main log
INFO: There is nothing here

May 20, 2025 9:24:46 PM gui.Main logFileOnly
INFO: pressed right
May 20, 2025 9:24:46 PM gui.Main log
INFO: Here lies the corpse of Wharg

May 20, 2025 9:24:46 PM gui.Main logFileOnly
INFO: pressed right
May 20, 2025 9:24:46 PM gui.Main log
INFO: Error: You should be able to open this door with your 3 gold.

May 20, 2025 9:24:47 PM gui.Main logFileOnly
INFO: pressed right
May 20, 2025 9:24:47 PM gui.Main log
INFO: Error: You should be able to open this door with your 3 gold.

May 20, 2025 9:24:47 PM gui.Main logFileOnly
INFO: pressed right
May 20, 2025 9:24:47 PM gui.Main log
INFO: Error: You should be able to open this door with your 3 gold.

May 20, 2025 9:24:48 PM gui.Main logFileOnly
INFO: pressed right
May 20, 2025 9:24:48 PM gui.Main log
INFO: Error: You should be able to open this door with your 3 gold.

