May 20, 2025 5:07:45 PM gui.Main log
INFO: Welcome to the most fantastic *Djeneric Dungeon Crawler!*

May 20, 2025 5:07:45 PM gui.Main log
INFO: You stride into the fiendishly not very difficult Caverns of Adoddle

May 20, 2025 5:07:47 PM gui.Main logFileOnly
INFO: pressed up
May 20, 2025 5:07:47 PM gui.Main log
INFO: You found 1 gold!

May 20, 2025 5:07:49 PM gui.Main logFileOnly
INFO: pressed up
May 20, 2025 5:07:50 PM gui.Main logFileOnly
INFO: pressed up
May 20, 2025 5:07:50 PM gui.Main log
INFO: There is nothing here

May 20, 2025 5:07:52 PM gui.Main logFileOnly
INFO: pressed down
May 20, 2025 5:07:52 PM gui.Main log
INFO: You encountered Wharg, a terrifying beasty I must say. Time to battle!
You hit Wharg for 1HP.
The monster comes crashing to the floor...
You were victorious! You gained 5 xp.

May 20, 2025 5:07:56 PM gui.Main logFileOnly
INFO: pressed up
May 20, 2025 5:07:56 PM gui.Main log
INFO: There is nothing here

May 20, 2025 5:07:57 PM gui.Main logFileOnly
INFO: pressed down
May 20, 2025 5:07:57 PM gui.Main log
INFO: Here lies the corpse of Wharg

May 20, 2025 5:07:58 PM gui.Main logFileOnly
INFO: pressed help
May 20, 2025 5:07:58 PM gui.Main log
INFO: Press the movement buttons to move around the current dungeon. There are 5 dungeons to fight through.

May 20, 2025 5:08:02 PM gui.Main logFileOnly
INFO: pressed up
May 20, 2025 5:08:02 PM gui.Main log
INFO: There is nothing here

May 20, 2025 5:08:03 PM gui.Main logFileOnly
INFO: pressed up
May 20, 2025 5:08:03 PM gui.Main log
INFO: There is nothing here

May 20, 2025 5:08:04 PM gui.Main logFileOnly
INFO: pressed up
May 20, 2025 5:08:04 PM gui.Main log
INFO: There is nothing here

May 20, 2025 5:08:05 PM gui.Main logFileOnly
INFO: pressed left
May 20, 2025 5:08:05 PM gui.Main log
INFO: You found 1 gold!

May 20, 2025 5:08:06 PM gui.Main logFileOnly
INFO: pressed down
May 20, 2025 5:08:06 PM gui.Main log
INFO: You found 1 gold!

May 20, 2025 5:08:07 PM gui.Main logFileOnly
INFO: pressed up
May 20, 2025 5:08:07 PM gui.Main log
INFO: You've already collected the gold from here.

May 20, 2025 5:08:09 PM gui.Main logFileOnly
INFO: pressed right
May 20, 2025 5:08:09 PM gui.Main log
INFO: There is nothing here

May 20, 2025 5:08:09 PM gui.Main logFileOnly
INFO: pressed right
May 20, 2025 5:08:09 PM gui.Main log
INFO: You encountered Glarg, a terrifying beasty I must say. Time to battle!
You hit Glarg for 1HP.
Glarg hits you for 1HP.
You hit Glarg for 2HP.
Pow! Biff! Wallop! Knock out!
You were victorious! You gained 5 xp.

May 20, 2025 5:08:10 PM gui.Main logFileOnly
INFO: pressed right
May 20, 2025 5:08:10 PM gui.Main log
INFO: 
**************
You take the stairs. They lead to another dungeon. Your HP has been reset. Weird.

You hold your breath as you creep through the back entrance of The Putrescent Castle of Rafflesia


