May 20, 2025 9:20:12 PM gui.Main log
INFO: Welcome to the most fantastic *Djeneric Dungeon Crawler!*

May 20, 2025 9:20:12 PM gui.Main log
INFO: You stride into the fiendishly not very difficult Caverns of Adoddle

May 20, 2025 9:20:16 PM gui.Main logFileOnly
INFO: pressed left
May 20, 2025 9:20:16 PM gui.Main log
INFO: There is nothing here

May 20, 2025 9:20:16 PM gui.Main logFileOnly
INFO: pressed up
May 20, 2025 9:20:16 PM gui.Main log
INFO: You found 1 gold!

May 20, 2025 9:20:17 PM gui.Main logFileOnly
INFO: pressed up
May 20, 2025 9:20:17 PM gui.Main log
INFO: There is nothing here

May 20, 2025 9:20:18 PM gui.Main logFileOnly
INFO: pressed right
May 20, 2025 9:20:18 PM gui.Main log
INFO: You found 1 gold!

May 20, 2025 9:20:18 PM gui.Main logFileOnly
INFO: pressed left
May 20, 2025 9:20:18 PM gui.Main log
INFO: There is nothing here

May 20, 2025 9:20:21 PM gui.Main logFileOnly
INFO: pressed left
May 20, 2025 9:20:22 PM gui.Main logFileOnly
INFO: pressed left
May 20, 2025 9:20:22 PM gui.Main log
INFO: There is nothing here

May 20, 2025 9:20:24 PM gui.Main logFileOnly
INFO: pressed up
May 20, 2025 9:20:24 PM gui.Main log
INFO: You found 1 gold!

May 20, 2025 9:20:26 PM gui.Main logFileOnly
INFO: pressed up
May 20, 2025 9:20:26 PM gui.Main log
INFO: There is nothing here

May 20, 2025 9:20:27 PM gui.Main logFileOnly
INFO: pressed right
May 20, 2025 9:20:27 PM gui.Main log
INFO: There is nothing here

May 20, 2025 9:20:27 PM gui.Main logFileOnly
INFO: pressed right
May 20, 2025 9:20:27 PM gui.Main log
INFO: This door requires 5 gold to open. You only have 3 gold. You cannot pass through.

May 20, 2025 9:20:28 PM gui.Main logFileOnly
INFO: pressed right
May 20, 2025 9:20:28 PM gui.Main log
INFO: This door requires 5 gold to open. You only have 3 gold. You cannot pass through.

May 20, 2025 9:20:29 PM gui.Main logFileOnly
INFO: pressed right
May 20, 2025 9:20:29 PM gui.Main log
INFO: This door requires 5 gold to open. You only have 3 gold. You cannot pass through.

May 20, 2025 9:20:29 PM gui.Main logFileOnly
INFO: pressed right
May 20, 2025 9:20:29 PM gui.Main log
INFO: This door requires 5 gold to open. You only have 3 gold. You cannot pass through.

