May 20, 2025 4:54:55 PM gui.Main log
INFO: Welcome to the most fantastic *Djeneric Dungeon Crawler!*

May 20, 2025 4:54:55 PM gui.Main log
INFO: You stride into the fiendishly not very difficult Caverns of Adoddle

May 20, 2025 4:54:57 PM gui.Main logFileOnly
INFO: pressed up
May 20, 2025 4:54:57 PM gui.Main log
INFO: You encountered Blerp, who does not look happy to see you. Time to battle!
You hit Blerp for 3HP.
The monster comes crashing to the floor...
You were victorious! You gained 5 xp.

May 20, 2025 4:55:00 PM gui.Main logFileOnly
INFO: pressed up
May 20, 2025 4:55:00 PM gui.Main log
INFO: You found 1 gold!

May 20, 2025 4:55:01 PM gui.Main logFileOnly
INFO: pressed down
May 20, 2025 4:55:01 PM gui.Main log
INFO: Here lies the corpse of Blerp

May 20, 2025 4:55:01 PM gui.Main logFileOnly
INFO: pressed up
May 20, 2025 4:55:01 PM gui.Main log
INFO: You've already collected the gold from here.

May 20, 2025 4:55:02 PM gui.Main logFileOnly
INFO: pressed left
May 20, 2025 4:55:02 PM gui.Main log
INFO: There is nothing here

May 20, 2025 4:55:03 PM gui.Main logFileOnly
INFO: pressed down
May 20, 2025 4:55:03 PM gui.Main log
INFO: You found 1 gold!

May 20, 2025 4:55:04 PM gui.Main logFileOnly
INFO: pressed down
May 20, 2025 4:55:04 PM gui.Main log
INFO: There is nothing here

May 20, 2025 4:55:05 PM gui.Main logFileOnly
INFO: pressed down
May 20, 2025 4:55:05 PM gui.Main log
INFO: You encountered Blerp. He roars and stomps the ground. Uh-oh. Time to battle!
You hit Blerp for 3HP.
Ka-chunk! Blergh!
You were victorious! You gained 5 xp.

May 20, 2025 4:55:06 PM gui.Main logFileOnly
INFO: pressed up
May 20, 2025 4:55:06 PM gui.Main log
INFO: There is nothing here

May 20, 2025 4:55:08 PM gui.Main logFileOnly
INFO: pressed up
May 20, 2025 4:55:08 PM gui.Main log
INFO: You've already collected the gold from here.

May 20, 2025 4:55:08 PM gui.Main logFileOnly
INFO: pressed up
May 20, 2025 4:55:08 PM gui.Main log
INFO: There is nothing here

May 20, 2025 4:55:09 PM gui.Main logFileOnly
INFO: pressed left
May 20, 2025 4:55:09 PM gui.Main log
INFO: You encountered Herg. It doesn't seem to like you. Time to battle!
You hit Herg for 3HP.
Pow! Biff! Wallop! Knock out!
You were victorious! You gained 5 xp.

May 20, 2025 4:55:11 PM gui.Main logFileOnly
INFO: pressed left
May 20, 2025 4:55:11 PM gui.Main log
INFO: There is nothing here

May 20, 2025 4:55:12 PM gui.Main logFileOnly
INFO: pressed up
May 20, 2025 4:55:12 PM gui.Main log
INFO: You found 1 gold!

May 20, 2025 4:55:13 PM gui.Main logFileOnly
INFO: pressed up
May 20, 2025 4:55:13 PM gui.Main log
INFO: There is nothing here

May 20, 2025 4:55:14 PM gui.Main logFileOnly
INFO: pressed right
May 20, 2025 4:55:14 PM gui.Main log
INFO: There is nothing here

May 20, 2025 4:55:14 PM gui.Main logFileOnly
INFO: pressed right
May 20, 2025 4:55:14 PM gui.Main log
INFO: 
**************
You take the stairs. They lead to another dungeon. Your HP has been reset. Weird.

You hold your breath as you creep through the back entrance of The Putrescent Castle of Rafflesia


May 20, 2025 4:55:16 PM gui.Main logFileOnly
INFO: pressed right
May 20, 2025 4:55:16 PM gui.Main log
INFO: You encountered Blerp. It doesn't seem to like you. Time to battle!
You hit Blerp for 3HP.
Blerp hits you for 1HP.
You hit Blerp for 1HP.
Blerp hits you for 1HP.
You hit Blerp for 2HP.
Pow! Biff! Wallop! Knock out!
You were victorious! You gained 10 xp.
You levelled up! Your new level is 2

May 20, 2025 4:55:17 PM gui.Main logFileOnly
INFO: pressed right
May 20, 2025 4:55:17 PM gui.Main log
INFO: There is nothing here

May 20, 2025 4:55:17 PM gui.Main logFileOnly
INFO: pressed up
May 20, 2025 4:55:17 PM gui.Main log
INFO: There is nothing here

May 20, 2025 4:55:18 PM gui.Main logFileOnly
INFO: pressed right
May 20, 2025 4:55:18 PM gui.Main log
INFO: There is nothing here

May 20, 2025 4:55:19 PM gui.Main logFileOnly
INFO: pressed up
May 20, 2025 4:55:19 PM gui.Main log
INFO: You found 2 gold!

May 20, 2025 4:55:19 PM gui.Main logFileOnly
INFO: pressed up
May 20, 2025 4:55:19 PM gui.Main log
INFO: There is nothing here

May 20, 2025 4:55:20 PM gui.Main logFileOnly
INFO: pressed left
May 20, 2025 4:55:20 PM gui.Main log
INFO: You encountered Glarg, who does not look happy to see you. Time to battle!
You hit Glarg for 2HP.
Glarg hits you for 1HP.
You hit Glarg for 6HP.
Pow! Biff! Wallop! Knock out!
You were victorious! You gained 10 xp.

May 20, 2025 4:55:21 PM gui.Main logFileOnly
INFO: pressed up
May 20, 2025 4:55:21 PM gui.Main log
INFO: There is nothing here

May 20, 2025 4:55:21 PM gui.Main logFileOnly
INFO: pressed up
May 20, 2025 4:55:21 PM gui.Main log
INFO: There is nothing here

May 20, 2025 4:55:22 PM gui.Main logFileOnly
INFO: pressed up
May 20, 2025 4:55:22 PM gui.Main log
INFO: 
You take the stairs, going down another floor...


May 20, 2025 4:55:27 PM gui.Main logFileOnly
INFO: pressed right
May 20, 2025 4:55:27 PM gui.Main log
INFO: You encountered Klang. "Grr!" they shout, very convincingly. Time to battle!
You hit Klang for 2HP.
Klang hits you for 3HP.
You hit Klang for 5HP.
The monster comes crashing to the floor...
You were victorious! You gained 10 xp.

May 20, 2025 4:55:27 PM gui.Main logFileOnly
INFO: pressed right
May 20, 2025 4:55:27 PM gui.Main log
INFO: There is nothing here

May 20, 2025 4:55:28 PM gui.Main logFileOnly
INFO: pressed up
May 20, 2025 4:55:28 PM gui.Main log
INFO: There is nothing here

May 20, 2025 4:55:28 PM gui.Main logFileOnly
INFO: pressed right
May 20, 2025 4:55:28 PM gui.Main log
INFO: There is nothing here

May 20, 2025 4:55:29 PM gui.Main logFileOnly
INFO: pressed up
May 20, 2025 4:55:29 PM gui.Main log
INFO: You found 2 gold!

May 20, 2025 4:55:29 PM gui.Main logFileOnly
INFO: pressed up
May 20, 2025 4:55:29 PM gui.Main log
INFO: There is nothing here

May 20, 2025 4:55:30 PM gui.Main logFileOnly
INFO: pressed left
May 20, 2025 4:55:30 PM gui.Main log
INFO: You encountered Klang, wow they look disgusting. Time to battle!
You hit Klang for 5HP.
Klang hits you for 1HP.
You hit Klang for 6HP.
Ka-chunk! Blergh!
You were victorious! You gained 10 xp.

May 20, 2025 4:55:30 PM gui.Main logFileOnly
INFO: pressed up
May 20, 2025 4:55:30 PM gui.Main log
INFO: There is nothing here

May 20, 2025 4:55:31 PM gui.Main logFileOnly
INFO: pressed up
May 20, 2025 4:55:31 PM gui.Main log
INFO: There is nothing here

May 20, 2025 4:55:31 PM gui.Main logFileOnly
INFO: pressed up
May 20, 2025 4:55:31 PM gui.Main log
INFO: 
**************
You take the stairs. They lead to another dungeon. Your HP has been reset. Weird.

You take some aspirin as you prepare to navigate the Torturous Labyrinth of Moderate-To-Really-Quite-Painful Toothache


May 20, 2025 4:55:32 PM gui.Main logFileOnly
INFO: pressed up
May 20, 2025 4:55:32 PM gui.Main log
INFO: You can't move here! Try again.

May 20, 2025 4:55:36 PM gui.Main logFileOnly
INFO: pressed right
May 20, 2025 4:55:36 PM gui.Main log
INFO: You encountered Blarg. Watch out! Time to battle!
You hit Blarg for 6HP.
Blarg hits you for 1HP. Weak hit!
You hit Blarg for 2HP.
Blarg hits you for 1HP. Weak hit!
You hit Blarg for 2HP.
The monster comes crashing to the floor...
You were victorious! You gained 15 xp.
You levelled up! Your new level is 3

May 20, 2025 4:55:36 PM gui.Main logFileOnly
INFO: pressed right
May 20, 2025 4:55:36 PM gui.Main log
INFO: You found 3 gold!

May 20, 2025 4:55:37 PM gui.Main logFileOnly
INFO: pressed right
May 20, 2025 4:55:37 PM gui.Main log
INFO: You encountered Blerp, a terrifying beasty I must say. Time to battle!
You hit Blerp for 7HP.
Blerp hits you for 4HP.
You hit Blerp for 6HP.
Pow! Biff! Wallop! Knock out!
You were victorious! You gained 15 xp.

May 20, 2025 4:55:38 PM gui.Main logFileOnly
INFO: pressed up
May 20, 2025 4:55:38 PM gui.Main log
INFO: There is nothing here

May 20, 2025 4:55:38 PM gui.Main logFileOnly
INFO: pressed up
May 20, 2025 4:55:38 PM gui.Main log
INFO: You found 3 gold!

May 20, 2025 4:55:38 PM gui.Main logFileOnly
INFO: pressed up
May 20, 2025 4:55:38 PM gui.Main log
INFO: There is nothing here

May 20, 2025 4:55:39 PM gui.Main logFileOnly
INFO: pressed up
May 20, 2025 4:55:39 PM gui.Main log
INFO: There is nothing here

May 20, 2025 4:55:40 PM gui.Main logFileOnly
INFO: pressed left
May 20, 2025 4:55:40 PM gui.Main log
INFO: You found 3 gold!

May 20, 2025 4:55:40 PM gui.Main logFileOnly
INFO: pressed left
May 20, 2025 4:55:40 PM gui.Main log
INFO: 
You take the stairs, going down another floor...


May 20, 2025 4:55:43 PM gui.Main logFileOnly
INFO: pressed quit
