May 20, 2025 9:37:15 PM gui.Main log
INFO: Welcome to the most fantastic *Djeneric Dungeon Crawler!*

May 20, 2025 9:37:15 PM gui.Main log
INFO: You stride into the fiendishly not very difficult Caverns of Adoddle

May 20, 2025 9:37:23 PM gui.Main logFileOnly
INFO: pressed up
May 20, 2025 9:37:24 PM gui.Main logFileOnly
INFO: pressed up
May 20, 2025 9:37:24 PM gui.Main log
INFO: You can't move here! Try again.

May 20, 2025 9:37:24 PM gui.Main logFileOnly
INFO: pressed up
May 20, 2025 9:37:24 PM gui.Main log
INFO: You can't move here! Try again.

May 20, 2025 9:37:25 PM gui.Main logFileOnly
INFO: pressed up
May 20, 2025 9:37:25 PM gui.Main log
INFO: You can't move here! Try again.

May 20, 2025 9:37:26 PM gui.Main logFileOnly
INFO: pressed down
May 20, 2025 9:37:26 PM gui.Main log
INFO: You stride into the fiendishly not very difficult Caverns of Adoddle

May 20, 2025 9:37:26 PM gui.Main logFileOnly
INFO: pressed down
May 20, 2025 9:37:26 PM gui.Main log
INFO: You can't move here! Try again.

May 20, 2025 9:37:27 PM gui.Main logFileOnly
INFO: pressed down
May 20, 2025 9:37:27 PM gui.Main log
INFO: You can't move here! Try again.

May 20, 2025 9:37:27 PM gui.Main logFileOnly
INFO: pressed down
May 20, 2025 9:37:27 PM gui.Main log
INFO: You can't move here! Try again.

May 20, 2025 9:37:27 PM gui.Main logFileOnly
INFO: pressed down
May 20, 2025 9:37:27 PM gui.Main log
INFO: You can't move here! Try again.

May 20, 2025 9:37:27 PM gui.Main logFileOnly
INFO: pressed down
May 20, 2025 9:37:27 PM gui.Main log
INFO: You can't move here! Try again.

May 20, 2025 9:37:28 PM gui.Main logFileOnly
INFO: pressed right
May 20, 2025 9:37:28 PM gui.Main log
INFO: There is nothing here

May 20, 2025 9:37:29 PM gui.Main logFileOnly
INFO: pressed left
May 20, 2025 9:37:29 PM gui.Main log
INFO: You stride into the fiendishly not very difficult Caverns of Adoddle

May 20, 2025 9:37:29 PM gui.Main logFileOnly
INFO: pressed up
May 20, 2025 9:37:29 PM gui.Main log
INFO: You encountered Blerp. "Grr!" they shout, very convincingly. Time to battle!
You hit Blerp for 2HP.
Pow! Biff! Wallop! Knock out!
You were victorious! You gained 5 xp.

May 20, 2025 9:37:34 PM gui.Main logFileOnly
INFO: pressed down
May 20, 2025 9:37:34 PM gui.Main log
INFO: You stride into the fiendishly not very difficult Caverns of Adoddle

May 20, 2025 9:37:35 PM gui.Main logFileOnly
INFO: pressed up
May 20, 2025 9:37:35 PM gui.Main log
INFO: Here lies the corpse of Blerp

May 20, 2025 9:37:36 PM gui.Main logFileOnly
INFO: pressed down
May 20, 2025 9:37:36 PM gui.Main log
INFO: You stride into the fiendishly not very difficult Caverns of Adoddle

May 20, 2025 9:37:36 PM gui.Main logFileOnly
INFO: pressed right
May 20, 2025 9:37:36 PM gui.Main log
INFO: There is nothing here

May 20, 2025 9:37:37 PM gui.Main logFileOnly
INFO: pressed right
May 20, 2025 9:37:37 PM gui.Main log
INFO: There is nothing here

May 20, 2025 9:37:37 PM gui.Main logFileOnly
INFO: pressed right
May 20, 2025 9:37:37 PM gui.Main log
INFO: You found 1 gold!

May 20, 2025 9:37:38 PM gui.Main logFileOnly
INFO: pressed left
May 20, 2025 9:37:38 PM gui.Main log
INFO: There is nothing here

May 20, 2025 9:37:39 PM gui.Main logFileOnly
INFO: pressed up
May 20, 2025 9:37:39 PM gui.Main log
INFO: You encountered Karump. It doesn't seem to like you. Time to battle!
You hit Karump for 2HP.
Karump hits you for 1HP.
You hit Karump for 1HP.
Pow! Biff! Wallop! Knock out!
You were victorious! You gained 5 xp.

May 20, 2025 9:37:39 PM gui.Main logFileOnly
INFO: pressed up
May 20, 2025 9:37:39 PM gui.Main log
INFO: You found 1 gold!

May 20, 2025 9:37:40 PM gui.Main logFileOnly
INFO: pressed down
May 20, 2025 9:37:40 PM gui.Main log
INFO: Here lies the corpse of Karump

May 20, 2025 9:37:40 PM gui.Main logFileOnly
INFO: pressed down
May 20, 2025 9:37:40 PM gui.Main log
INFO: There is nothing here

May 20, 2025 9:37:41 PM gui.Main logFileOnly
INFO: pressed down
May 20, 2025 9:37:41 PM gui.Main log
INFO: There is nothing here

May 20, 2025 9:37:41 PM gui.Main logFileOnly
INFO: pressed down
May 20, 2025 9:37:42 PM gui.Main logFileOnly
INFO: pressed down
May 20, 2025 9:37:42 PM gui.Main log
INFO: You can't move here! Try again.

May 20, 2025 9:37:42 PM gui.Main logFileOnly
INFO: pressed down
May 20, 2025 9:37:42 PM gui.Main log
INFO: You can't move here! Try again.

May 20, 2025 9:37:43 PM gui.Main logFileOnly
INFO: pressed down
May 20, 2025 9:37:43 PM gui.Main log
INFO: You can't move here! Try again.

May 20, 2025 9:37:43 PM gui.Main logFileOnly
INFO: pressed down
May 20, 2025 9:37:43 PM gui.Main log
INFO: You can't move here! Try again.

May 20, 2025 9:37:43 PM gui.Main logFileOnly
INFO: pressed down
May 20, 2025 9:37:43 PM gui.Main log
INFO: You can't move here! Try again.

May 20, 2025 9:37:44 PM gui.Main logFileOnly
INFO: pressed up
May 20, 2025 9:37:44 PM gui.Main log
INFO: There is nothing here

May 20, 2025 9:37:44 PM gui.Main logFileOnly
INFO: pressed up
May 20, 2025 9:37:44 PM gui.Main log
INFO: There is nothing here

May 20, 2025 9:37:45 PM gui.Main logFileOnly
INFO: pressed down
May 20, 2025 9:37:45 PM gui.Main log
INFO: There is nothing here

May 20, 2025 9:37:45 PM gui.Main logFileOnly
INFO: pressed down
May 20, 2025 9:37:45 PM gui.Main log
INFO: You encountered Klang - ew, slimy. Time to battle!
You hit Klang for 1HP.
Ka-chunk! Blergh!
You were victorious! You gained 5 xp.

May 20, 2025 9:37:48 PM gui.Main logFileOnly
INFO: pressed left
May 20, 2025 9:37:48 PM gui.Main log
INFO: Error: You should be able to open this door with your 2 gold.

May 20, 2025 9:37:48 PM gui.Main logFileOnly
INFO: pressed left
May 20, 2025 9:37:48 PM gui.Main log
INFO: Error: You should be able to open this door with your 2 gold.

May 20, 2025 9:37:49 PM gui.Main logFileOnly
INFO: pressed left
May 20, 2025 9:37:49 PM gui.Main log
INFO: Error: You should be able to open this door with your 2 gold.

May 20, 2025 9:37:53 PM gui.Main logFileOnly
INFO: pressed quit
