May 20, 2025 10:29:17 PM gui.Main log
INFO: Welcome to the most fantastic *Djeneric Dungeon Crawler!*
May 20, 2025 10:29:17 PM gui.Main log
INFO: You stride into the fiendishly not very difficult Caverns of Adoddle
May 20, 2025 10:29:30 PM gui.Main logFileOnly
INFO: pressed help
May 20, 2025 10:29:40 PM gui.Main logFileOnly
INFO: pressed right
May 20, 2025 10:29:40 PM gui.Main logFileOnly
INFO: Playing sound: move
May 20, 2025 10:29:40 PM gui.Main log
INFO: There is nothing here
May 20, 2025 10:29:41 PM gui.Main logFileOnly
INFO: pressed left
May 20, 2025 10:29:41 PM gui.Main logFileOnly
INFO: Playing sound: move
May 20, 2025 10:29:41 PM gui.Main log
INFO: You stride into the fiendishly not very difficult Caverns of Adoddle
May 20, 2025 10:29:42 PM gui.Main logFileOnly
INFO: pressed right
May 20, 2025 10:29:42 PM gui.Main logFileOnly
INFO: Playing sound: move
May 20, 2025 10:29:42 PM gui.Main log
INFO: There is nothing here
May 20, 2025 10:29:43 PM gui.Main logFileOnly
INFO: pressed left
May 20, 2025 10:29:43 PM gui.Main logFileOnly
INFO: Playing sound: move
May 20, 2025 10:29:43 PM gui.Main log
INFO: You stride into the fiendishly not very difficult Caverns of Adoddle
May 20, 2025 10:29:47 PM gui.Main logFileOnly
INFO: pressed up
May 20, 2025 10:29:47 PM gui.Main logFileOnly
INFO: Playing sound: move
May 20, 2025 10:29:48 PM gui.Main logFileOnly
INFO: pressed up
May 20, 2025 10:29:48 PM gui.Main log
INFO: You can't move here! Try again.
May 20, 2025 10:29:48 PM gui.Main logFileOnly
INFO: Playing sound: bump
May 20, 2025 10:29:50 PM gui.Main logFileOnly
INFO: pressed right
May 20, 2025 10:29:50 PM gui.Main log
INFO: You can't move here! Try again.
May 20, 2025 10:29:50 PM gui.Main logFileOnly
INFO: Playing sound: bump
May 20, 2025 10:29:51 PM gui.Main logFileOnly
INFO: pressed down
May 20, 2025 10:29:51 PM gui.Main logFileOnly
INFO: Playing sound: move
May 20, 2025 10:29:51 PM gui.Main log
INFO: You stride into the fiendishly not very difficult Caverns of Adoddle
May 20, 2025 10:29:52 PM gui.Main logFileOnly
INFO: pressed right
May 20, 2025 10:29:52 PM gui.Main logFileOnly
INFO: Playing sound: move
May 20, 2025 10:29:52 PM gui.Main log
INFO: There is nothing here
May 20, 2025 10:29:53 PM gui.Main logFileOnly
INFO: pressed right
May 20, 2025 10:29:53 PM gui.Main logFileOnly
INFO: Playing sound: move
May 20, 2025 10:29:53 PM gui.Main log
INFO: There is nothing here
May 20, 2025 10:29:56 PM gui.Main logFileOnly
INFO: pressed up
May 20, 2025 10:29:56 PM gui.Main logFileOnly
INFO: Playing sound: move
May 20, 2025 10:29:57 PM gui.Main logFileOnly
INFO: pressed up
May 20, 2025 10:29:57 PM gui.Main logFileOnly
INFO: Playing sound: move
May 20, 2025 10:29:57 PM gui.Main logFileOnly
INFO: Playing sound: gold
May 20, 2025 10:29:57 PM gui.Main log
INFO: You found 1 gold!
May 20, 2025 10:29:59 PM gui.Main logFileOnly
INFO: pressed down
May 20, 2025 10:29:59 PM gui.Main logFileOnly
INFO: Playing sound: move
May 20, 2025 10:30:02 PM gui.Main logFileOnly
INFO: pressed down
May 20, 2025 10:30:02 PM gui.Main logFileOnly
INFO: Playing sound: move
May 20, 2025 10:30:02 PM gui.Main log
INFO: There is nothing here
May 20, 2025 10:30:04 PM gui.Main logFileOnly
INFO: pressed right
May 20, 2025 10:30:04 PM gui.Main logFileOnly
INFO: Playing sound: move
May 20, 2025 10:30:04 PM gui.Main logFileOnly
INFO: Playing sound: gold
May 20, 2025 10:30:04 PM gui.Main log
INFO: You found 1 gold!
May 20, 2025 10:30:05 PM gui.Main logFileOnly
INFO: pressed down
May 20, 2025 10:30:05 PM gui.Main logFileOnly
INFO: Playing sound: move
May 20, 2025 10:30:05 PM gui.Main logFileOnly
INFO: Playing sound: battle
May 20, 2025 10:30:05 PM gui.Main log
INFO: You encountered Wharg. He roars and stomps the ground. Uh-oh. Time to battle!
You hit Wharg for 3HP.
The monster comes crashing to the floor...
You were victorious! You gained 5 xp.
May 20, 2025 10:31:02 PM gui.Main logFileOnly
INFO: pressed left
May 20, 2025 10:31:02 PM gui.Main logFileOnly
INFO: Playing sound: move
May 20, 2025 10:31:02 PM gui.Main log
INFO: There is nothing here
May 20, 2025 10:31:03 PM gui.Main logFileOnly
INFO: pressed down
May 20, 2025 10:31:03 PM gui.Main logFileOnly
INFO: Playing sound: move
May 20, 2025 10:31:03 PM gui.Main logFileOnly
INFO: Playing sound: battle
May 20, 2025 10:31:03 PM gui.Main log
INFO: You encountered Drerf. It doesn't seem to like you. Time to battle!
You hit Drerf for 2HP.
Drerf hits you for 1HP.
You hit Drerf for 2HP.
Ka-chunk! Blergh!
You were victorious! You gained 5 xp.
May 20, 2025 10:31:19 PM gui.Main logFileOnly
INFO: pressed left
May 20, 2025 10:31:19 PM gui.Main logFileOnly
INFO: Playing sound: move
May 20, 2025 10:31:19 PM gui.Main log
INFO: You spend 2 gold to open the door. It swings open with a satisfying click!
May 20, 2025 10:31:19 PM gui.Main logFileOnly
INFO: Playing sound: door
May 20, 2025 10:31:19 PM gui.Main log
INFO: An open door. You already paid the 2 gold toll.
May 20, 2025 10:31:24 PM gui.Main logFileOnly
INFO: pressed left
May 20, 2025 10:31:24 PM gui.Main logFileOnly
INFO: Playing sound: move
May 20, 2025 10:31:24 PM gui.Main logFileOnly
INFO: Playing sound: stairs
May 20, 2025 10:31:24 PM gui.Main log
INFO: 
**************
You take the stairs. They lead to another dungeon. Your HP has been reset. Weird.

You hold your breath as you creep through the back entrance of The Putrescent Castle of Rafflesia

May 20, 2025 10:31:30 PM gui.Main logFileOnly
INFO: pressed down
May 20, 2025 10:31:30 PM gui.Main log
INFO: You can't move here! Try again.
May 20, 2025 10:31:30 PM gui.Main logFileOnly
INFO: Playing sound: bump
May 20, 2025 10:31:31 PM gui.Main logFileOnly
INFO: pressed right
May 20, 2025 10:31:31 PM gui.Main logFileOnly
INFO: Playing sound: move
May 20, 2025 10:31:31 PM gui.Main logFileOnly
INFO: Playing sound: battle
May 20, 2025 10:31:31 PM gui.Main log
INFO: You encountered Drerf, who is a very hairy monster. Time to battle!
You hit Drerf for 2HP.
Drerf hits you for 1HP.
You hit Drerf for 1HP.
Drerf hits you for 3HP.
You hit Drerf for 1HP.
Drerf hits you for 3HP.
You hit Drerf for 2HP.
Pow! Biff! Wallop! Knock out!
You were victorious! You gained 10 xp.
You levelled up! Your new level is 2
May 20, 2025 10:31:33 PM gui.Main logFileOnly
INFO: pressed right
May 20, 2025 10:31:33 PM gui.Main logFileOnly
INFO: Playing sound: move
May 20, 2025 10:31:33 PM gui.Main log
INFO: There is nothing here
May 20, 2025 10:31:35 PM gui.Main logFileOnly
INFO: pressed up
May 20, 2025 10:31:35 PM gui.Main logFileOnly
INFO: Playing sound: move
May 20, 2025 10:31:35 PM gui.Main log
INFO: There is nothing here
May 20, 2025 10:31:35 PM gui.Main logFileOnly
INFO: pressed right
May 20, 2025 10:31:35 PM gui.Main logFileOnly
INFO: Playing sound: move
May 20, 2025 10:31:35 PM gui.Main log
INFO: There is nothing here
May 20, 2025 10:31:36 PM gui.Main logFileOnly
INFO: pressed up
May 20, 2025 10:31:36 PM gui.Main logFileOnly
INFO: Playing sound: move
May 20, 2025 10:31:36 PM gui.Main logFileOnly
INFO: Playing sound: gold
May 20, 2025 10:31:36 PM gui.Main log
INFO: You found 2 gold!
May 20, 2025 10:31:36 PM gui.Main logFileOnly
INFO: pressed up
May 20, 2025 10:31:36 PM gui.Main logFileOnly
INFO: Playing sound: move
May 20, 2025 10:31:36 PM gui.Main log
INFO: There is nothing here
May 20, 2025 10:31:37 PM gui.Main logFileOnly
INFO: pressed up
May 20, 2025 10:31:37 PM gui.Main logFileOnly
INFO: Playing sound: move
May 20, 2025 10:31:37 PM gui.Main logFileOnly
INFO: Playing sound: battle
May 20, 2025 10:31:37 PM gui.Main log
INFO: You encountered Glarg, who does not look happy to see you. Time to battle!
You hit Glarg for 2HP.
Glarg hits you for 1HP.
You hit Glarg for 3HP.
Glarg hits you for 2HP.
You hit Glarg for 6HP.
Pow! Biff! Wallop! Knock out!
You were victorious! You gained 10 xp.
May 20, 2025 10:31:43 PM gui.Main logFileOnly
INFO: pressed down
May 20, 2025 10:31:43 PM gui.Main logFileOnly
INFO: Playing sound: move
May 20, 2025 10:31:43 PM gui.Main log
INFO: There is nothing here
May 20, 2025 10:31:44 PM gui.Main logFileOnly
INFO: pressed down
May 20, 2025 10:31:44 PM gui.Main logFileOnly
INFO: Playing sound: move
May 20, 2025 10:31:44 PM gui.Main logFileOnly
INFO: Playing sound: gold
May 20, 2025 10:31:44 PM gui.Main log
INFO: You've already collected the gold from here.
May 20, 2025 10:31:44 PM gui.Main logFileOnly
INFO: pressed down
May 20, 2025 10:31:44 PM gui.Main logFileOnly
INFO: Playing sound: move
May 20, 2025 10:31:44 PM gui.Main log
INFO: There is nothing here
May 20, 2025 10:31:45 PM gui.Main logFileOnly
INFO: pressed right
May 20, 2025 10:31:45 PM gui.Main log
INFO: You can't move here! Try again.
May 20, 2025 10:31:45 PM gui.Main logFileOnly
INFO: Playing sound: bump
May 20, 2025 10:31:45 PM gui.Main logFileOnly
INFO: pressed right
May 20, 2025 10:31:45 PM gui.Main log
INFO: You can't move here! Try again.
May 20, 2025 10:31:45 PM gui.Main logFileOnly
INFO: Playing sound: bump
May 20, 2025 10:31:49 PM gui.Main logFileOnly
INFO: pressed right
May 20, 2025 10:31:49 PM gui.Main log
INFO: You can't move here! Try again.
May 20, 2025 10:31:49 PM gui.Main logFileOnly
INFO: Playing sound: bump
May 20, 2025 10:31:49 PM gui.Main logFileOnly
INFO: pressed right
May 20, 2025 10:31:49 PM gui.Main log
INFO: You can't move here! Try again.
May 20, 2025 10:31:49 PM gui.Main logFileOnly
INFO: Playing sound: bump
May 20, 2025 10:32:01 PM gui.Main logFileOnly
INFO: pressed left
May 20, 2025 10:32:01 PM gui.Main logFileOnly
INFO: Playing sound: move
May 20, 2025 10:32:01 PM gui.Main log
INFO: There is nothing here
May 20, 2025 10:32:04 PM gui.Main logFileOnly
INFO: pressed left
May 20, 2025 10:32:04 PM gui.Main log
INFO: You can't move here! Try again.
May 20, 2025 10:32:04 PM gui.Main logFileOnly
INFO: Playing sound: bump
May 20, 2025 10:32:20 PM gui.Main logFileOnly
INFO: pressed down
May 20, 2025 10:32:20 PM gui.Main logFileOnly
INFO: Playing sound: move
May 20, 2025 10:32:20 PM gui.Main log
INFO: There is nothing here
May 20, 2025 10:32:28 PM gui.Main logFileOnly
INFO: pressed left
May 20, 2025 10:32:28 PM gui.Main logFileOnly
INFO: Playing sound: move
May 20, 2025 10:32:28 PM gui.Main logFileOnly
INFO: Playing sound: battle
May 20, 2025 10:32:28 PM gui.Main log
INFO: Here lies the corpse of Drerf
May 20, 2025 10:32:29 PM gui.Main logFileOnly
INFO: pressed left
May 20, 2025 10:32:29 PM gui.Main logFileOnly
INFO: Playing sound: move
May 20, 2025 10:32:29 PM gui.Main log
INFO: You hold your breath as you creep through the back entrance of The Putrescent Castle of Rafflesia
May 20, 2025 10:32:30 PM gui.Main logFileOnly
INFO: pressed up
May 20, 2025 10:32:30 PM gui.Main logFileOnly
INFO: Playing sound: move
May 20, 2025 10:32:30 PM gui.Main log
INFO: There is nothing here
May 20, 2025 10:32:31 PM gui.Main logFileOnly
INFO: pressed up
May 20, 2025 10:32:31 PM gui.Main logFileOnly
INFO: Playing sound: move
May 20, 2025 10:32:31 PM gui.Main logFileOnly
INFO: Playing sound: battle
May 20, 2025 10:32:31 PM gui.Main log
INFO: You encountered Karump. He roars and stomps the ground. Uh-oh. Time to battle!
You hit Karump for 3HP.
Karump hits you for 1HP.
You hit Karump for 2HP.
Karump hits you for 3HP.
You hit Karump for 2HP.
The monster comes crashing to the floor...
You were victorious! You gained 10 xp.
May 20, 2025 10:32:31 PM gui.Main logFileOnly
INFO: pressed up
May 20, 2025 10:32:31 PM gui.Main logFileOnly
INFO: Playing sound: move
May 20, 2025 10:32:31 PM gui.Main logFileOnly
INFO: Playing sound: battle
May 20, 2025 10:32:31 PM gui.Main log
INFO: You encountered Blerp. Watch out! Time to battle!
You hit Blerp for 2HP.
Blerp hits you for 3HP.
You hit Blerp for 6HP.
The monster comes crashing to the floor...
You were victorious! You gained 10 xp.
May 20, 2025 10:32:32 PM gui.Main logFileOnly
INFO: pressed up
May 20, 2025 10:32:32 PM gui.Main logFileOnly
INFO: Playing sound: move
May 20, 2025 10:32:32 PM gui.Main logFileOnly
INFO: Playing sound: gold
May 20, 2025 10:32:32 PM gui.Main log
INFO: You found 2 gold!
May 20, 2025 10:32:33 PM gui.Main logFileOnly
INFO: pressed up
May 20, 2025 10:32:33 PM gui.Main logFileOnly
INFO: Playing sound: move
May 20, 2025 10:32:33 PM gui.Main logFileOnly
INFO: Playing sound: gold
May 20, 2025 10:32:33 PM gui.Main log
INFO: You found 2 gold!
May 20, 2025 10:32:34 PM gui.Main logFileOnly
INFO: pressed down
May 20, 2025 10:32:34 PM gui.Main logFileOnly
INFO: Playing sound: move
May 20, 2025 10:32:34 PM gui.Main logFileOnly
INFO: Playing sound: gold
May 20, 2025 10:32:34 PM gui.Main log
INFO: You've already collected the gold from here.
May 20, 2025 10:32:34 PM gui.Main logFileOnly
INFO: pressed down
May 20, 2025 10:32:34 PM gui.Main logFileOnly
INFO: Playing sound: move
May 20, 2025 10:32:34 PM gui.Main logFileOnly
INFO: Playing sound: battle
May 20, 2025 10:32:34 PM gui.Main log
INFO: Here lies the corpse of Blerp
May 20, 2025 10:32:34 PM gui.Main logFileOnly
INFO: pressed down
May 20, 2025 10:32:34 PM gui.Main logFileOnly
INFO: Playing sound: move
May 20, 2025 10:32:34 PM gui.Main logFileOnly
INFO: Playing sound: battle
May 20, 2025 10:32:34 PM gui.Main log
INFO: Here lies the corpse of Karump
May 20, 2025 10:32:35 PM gui.Main logFileOnly
INFO: pressed down
May 20, 2025 10:32:35 PM gui.Main logFileOnly
INFO: Playing sound: move
May 20, 2025 10:32:35 PM gui.Main log
INFO: There is nothing here
May 20, 2025 10:32:41 PM gui.Main logFileOnly
INFO: pressed down
May 20, 2025 10:32:41 PM gui.Main logFileOnly
INFO: Playing sound: move
May 20, 2025 10:32:41 PM gui.Main log
INFO: You hold your breath as you creep through the back entrance of The Putrescent Castle of Rafflesia
May 20, 2025 10:32:42 PM gui.Main logFileOnly
INFO: pressed right
May 20, 2025 10:32:42 PM gui.Main logFileOnly
INFO: Playing sound: move
May 20, 2025 10:32:42 PM gui.Main logFileOnly
INFO: Playing sound: battle
May 20, 2025 10:32:42 PM gui.Main log
INFO: Here lies the corpse of Drerf
May 20, 2025 10:32:43 PM gui.Main logFileOnly
INFO: pressed right
May 20, 2025 10:32:43 PM gui.Main logFileOnly
INFO: Playing sound: move
May 20, 2025 10:32:43 PM gui.Main log
INFO: There is nothing here
May 20, 2025 10:32:48 PM gui.Main logFileOnly
INFO: pressed up
May 20, 2025 10:32:48 PM gui.Main logFileOnly
INFO: Playing sound: move
May 20, 2025 10:32:48 PM gui.Main log
INFO: There is nothing here
May 20, 2025 10:32:52 PM gui.Main logFileOnly
INFO: pressed down
May 20, 2025 10:32:52 PM gui.Main logFileOnly
INFO: Playing sound: move
May 20, 2025 10:32:52 PM gui.Main log
INFO: There is nothing here
May 20, 2025 10:32:54 PM gui.Main logFileOnly
INFO: pressed left
May 20, 2025 10:32:54 PM gui.Main logFileOnly
INFO: Playing sound: move
May 20, 2025 10:32:54 PM gui.Main logFileOnly
INFO: Playing sound: battle
May 20, 2025 10:32:54 PM gui.Main log
INFO: Here lies the corpse of Drerf
May 20, 2025 10:32:59 PM gui.Main logFileOnly
INFO: pressed right
May 20, 2025 10:32:59 PM gui.Main logFileOnly
INFO: Playing sound: move
May 20, 2025 10:32:59 PM gui.Main log
INFO: There is nothing here
May 20, 2025 10:32:59 PM gui.Main logFileOnly
INFO: pressed up
May 20, 2025 10:32:59 PM gui.Main logFileOnly
INFO: Playing sound: move
May 20, 2025 10:32:59 PM gui.Main log
INFO: There is nothing here
May 20, 2025 10:33:00 PM gui.Main logFileOnly
INFO: pressed up
May 20, 2025 10:33:00 PM gui.Main logFileOnly
INFO: Playing sound: move
May 20, 2025 10:33:00 PM gui.Main log
INFO: You spend 4 gold to open the door. It swings open with a satisfying click!
May 20, 2025 10:33:00 PM gui.Main logFileOnly
INFO: Playing sound: door
May 20, 2025 10:33:00 PM gui.Main log
INFO: An open door. You already paid the 4 gold toll.
May 20, 2025 10:33:01 PM gui.Main logFileOnly
INFO: pressed up
May 20, 2025 10:33:01 PM gui.Main logFileOnly
INFO: Playing sound: move
May 20, 2025 10:33:01 PM gui.Main logFileOnly
INFO: Playing sound: battle
May 20, 2025 10:33:01 PM gui.Main log
INFO: You encountered Flumpk, who does not look happy to see you. Time to battle!
You hit Flumpk for 4HP.
Flumpk hits you for 2HP.
You hit Flumpk for 6HP.
The monster comes crashing to the floor...
You were victorious! You gained 10 xp.
May 20, 2025 10:33:01 PM gui.Main logFileOnly
INFO: pressed up
May 20, 2025 10:33:01 PM gui.Main logFileOnly
INFO: Playing sound: move
May 20, 2025 10:33:01 PM gui.Main log
INFO: There is nothing here
May 20, 2025 10:33:02 PM gui.Main logFileOnly
INFO: pressed up
May 20, 2025 10:33:02 PM gui.Main logFileOnly
INFO: Playing sound: move
May 20, 2025 10:33:02 PM gui.Main log
INFO: There is nothing here
May 20, 2025 10:33:02 PM gui.Main logFileOnly
INFO: pressed up
May 20, 2025 10:33:02 PM gui.Main logFileOnly
INFO: Playing sound: move
May 20, 2025 10:33:02 PM gui.Main logFileOnly
INFO: Playing sound: stairs
May 20, 2025 10:33:02 PM gui.Main log
INFO: 
You take the stairs, going down another floor...

May 20, 2025 10:33:04 PM gui.Main logFileOnly
INFO: pressed up
May 20, 2025 10:33:04 PM gui.Main logFileOnly
INFO: Playing sound: move
May 20, 2025 10:33:04 PM gui.Main logFileOnly
INFO: Playing sound: battle
May 20, 2025 10:33:04 PM gui.Main log
INFO: You encountered Wharg - ew, slimy. Time to battle!
You hit Wharg for 4HP.
Wharg hits you for 3HP.
You hit Wharg for 6HP.
The monster comes crashing to the floor...
You were victorious! You gained 10 xp.
May 20, 2025 10:33:05 PM gui.Main logFileOnly
INFO: pressed up
May 20, 2025 10:33:05 PM gui.Main logFileOnly
INFO: Playing sound: move
May 20, 2025 10:33:05 PM gui.Main log
INFO: There is nothing here
May 20, 2025 10:33:06 PM gui.Main logFileOnly
INFO: pressed up
May 20, 2025 10:33:06 PM gui.Main logFileOnly
INFO: Playing sound: move
May 20, 2025 10:33:06 PM gui.Main log
INFO: There is nothing here
May 20, 2025 10:33:06 PM gui.Main logFileOnly
INFO: pressed up
May 20, 2025 10:33:06 PM gui.Main logFileOnly
INFO: Playing sound: move
May 20, 2025 10:33:06 PM gui.Main log
INFO: There is nothing here
May 20, 2025 10:33:06 PM gui.Main logFileOnly
INFO: pressed left
May 20, 2025 10:33:06 PM gui.Main logFileOnly
INFO: Playing sound: move
May 20, 2025 10:33:06 PM gui.Main logFileOnly
INFO: Playing sound: battle
May 20, 2025 10:33:06 PM gui.Main log
INFO: You encountered Klerp, a terrifying beasty I must say. Time to battle!
You hit Klerp for 2HP.
Klerp hits you for 2HP.
You hit Klerp for 6HP.
Pow! Biff! Wallop! Knock out!
You were victorious! You gained 10 xp.
May 20, 2025 10:33:07 PM gui.Main logFileOnly
INFO: pressed left
May 20, 2025 10:33:07 PM gui.Main logFileOnly
INFO: Playing sound: move
May 20, 2025 10:33:07 PM gui.Main logFileOnly
INFO: Playing sound: gold
May 20, 2025 10:33:07 PM gui.Main log
INFO: You found 2 gold!
May 20, 2025 10:33:08 PM gui.Main logFileOnly
INFO: pressed up
May 20, 2025 10:33:08 PM gui.Main logFileOnly
INFO: Playing sound: move
May 20, 2025 10:33:08 PM gui.Main logFileOnly
INFO: Playing sound: battle
May 20, 2025 10:33:08 PM gui.Main log
INFO: You encountered Blerp, a terrifying beasty I must say. Time to battle!
You hit Blerp for 4HP.
Blerp hits you for 1HP.
You hit Blerp for 4HP.
The monster comes crashing to the floor...
You were victorious! You gained 10 xp.
May 20, 2025 10:33:08 PM gui.Main logFileOnly
INFO: pressed up
May 20, 2025 10:33:08 PM gui.Main logFileOnly
INFO: Playing sound: move
May 20, 2025 10:33:08 PM gui.Main logFileOnly
INFO: Playing sound: stairs
May 20, 2025 10:33:08 PM gui.Main log
INFO: 
**************
You take the stairs. They lead to another dungeon. Your HP has been reset. Weird.

You take some aspirin as you prepare to navigate the Torturous Labyrinth of Moderate-To-Really-Quite-Painful Toothache

May 20, 2025 10:33:28 PM gui.Main logFileOnly
INFO: pressed right
May 20, 2025 10:33:28 PM gui.Main logFileOnly
INFO: Playing sound: move
May 20, 2025 10:33:28 PM gui.Main logFileOnly
INFO: Playing sound: battle
May 20, 2025 10:33:28 PM gui.Main log
INFO: You encountered Drerf, who is a very hairy monster. Time to battle!
You hit Drerf for 4HP.
Drerf hits you for 2HP.
You hit Drerf for 2HP.
Drerf hits you for 4HP.
You hit Drerf for 3HP.
The monster comes crashing to the floor...
You were victorious! You gained 15 xp.
You levelled up! Your new level is 3
May 20, 2025 10:33:29 PM gui.Main logFileOnly
INFO: pressed right
May 20, 2025 10:33:29 PM gui.Main logFileOnly
INFO: Playing sound: move
May 20, 2025 10:33:29 PM gui.Main logFileOnly
INFO: Playing sound: gold
May 20, 2025 10:33:29 PM gui.Main log
INFO: You found 3 gold!
May 20, 2025 10:33:29 PM gui.Main logFileOnly
INFO: pressed right
May 20, 2025 10:33:29 PM gui.Main logFileOnly
INFO: Playing sound: move
May 20, 2025 10:33:29 PM gui.Main logFileOnly
INFO: Playing sound: battle
May 20, 2025 10:33:29 PM gui.Main log
INFO: You encountered Blerp, a terrifying beasty I must say. Time to battle!
You hit Blerp for 4HP.
Blerp hits you for 2HP.
You hit Blerp for 8HP.
Pow! Biff! Wallop! Knock out!
You were victorious! You gained 15 xp.
May 20, 2025 10:33:31 PM gui.Main logFileOnly
INFO: pressed down
May 20, 2025 10:33:31 PM gui.Main logFileOnly
INFO: Playing sound: move
May 20, 2025 10:33:31 PM gui.Main log
INFO: There is nothing here
May 20, 2025 10:33:31 PM gui.Main logFileOnly
INFO: pressed down
May 20, 2025 10:33:31 PM gui.Main logFileOnly
INFO: Playing sound: move
May 20, 2025 10:33:31 PM gui.Main log
INFO: There is nothing here
May 20, 2025 10:33:31 PM gui.Main logFileOnly
INFO: pressed down
May 20, 2025 10:33:31 PM gui.Main logFileOnly
INFO: Playing sound: move
May 20, 2025 10:33:31 PM gui.Main logFileOnly
INFO: Playing sound: gold
May 20, 2025 10:33:31 PM gui.Main log
INFO: You found 3 gold!
May 20, 2025 10:33:32 PM gui.Main logFileOnly
INFO: pressed left
May 20, 2025 10:33:32 PM gui.Main logFileOnly
INFO: Playing sound: move
May 20, 2025 10:33:32 PM gui.Main logFileOnly
INFO: Playing sound: battle
May 20, 2025 10:33:32 PM gui.Main log
INFO: You encountered Wharg - ew, slimy. Time to battle!
You hit Wharg for 5HP.
Wharg hits you for 3HP.
You hit Wharg for 8HP.
Ka-chunk! Blergh!
You were victorious! You gained 15 xp.
May 20, 2025 10:33:33 PM gui.Main logFileOnly
INFO: pressed left
May 20, 2025 10:33:33 PM gui.Main logFileOnly
INFO: Playing sound: move
May 20, 2025 10:33:33 PM gui.Main logFileOnly
INFO: Playing sound: gold
May 20, 2025 10:33:33 PM gui.Main log
INFO: You found 3 gold!
May 20, 2025 10:33:34 PM gui.Main logFileOnly
INFO: pressed up
May 20, 2025 10:33:34 PM gui.Main logFileOnly
INFO: Playing sound: move
May 20, 2025 10:33:34 PM gui.Main logFileOnly
INFO: Playing sound: battle
May 20, 2025 10:33:34 PM gui.Main log
INFO: You encountered Glarg, who is a very hairy monster. Time to battle!
You hit Glarg for 4HP.
Glarg hits you for 4HP.
You hit Glarg for 5HP.
Pow! Biff! Wallop! Knock out!
You were victorious! You gained 15 xp.
May 20, 2025 10:33:35 PM gui.Main logFileOnly
INFO: pressed down
May 20, 2025 10:33:35 PM gui.Main logFileOnly
INFO: Playing sound: move
May 20, 2025 10:33:35 PM gui.Main logFileOnly
INFO: Playing sound: gold
May 20, 2025 10:33:35 PM gui.Main log
INFO: You've already collected the gold from here.
May 20, 2025 10:33:35 PM gui.Main logFileOnly
INFO: pressed right
May 20, 2025 10:33:35 PM gui.Main logFileOnly
INFO: Playing sound: move
May 20, 2025 10:33:35 PM gui.Main logFileOnly
INFO: Playing sound: battle
May 20, 2025 10:33:35 PM gui.Main log
INFO: Here lies the corpse of Wharg
May 20, 2025 10:33:35 PM gui.Main logFileOnly
INFO: pressed right
May 20, 2025 10:33:35 PM gui.Main logFileOnly
INFO: Playing sound: move
May 20, 2025 10:33:35 PM gui.Main logFileOnly
INFO: Playing sound: gold
May 20, 2025 10:33:35 PM gui.Main log
INFO: You've already collected the gold from here.
May 20, 2025 10:33:36 PM gui.Main logFileOnly
INFO: pressed up
May 20, 2025 10:33:36 PM gui.Main logFileOnly
INFO: Playing sound: move
May 20, 2025 10:33:36 PM gui.Main log
INFO: There is nothing here
May 20, 2025 10:33:36 PM gui.Main logFileOnly
INFO: pressed up
May 20, 2025 10:33:36 PM gui.Main logFileOnly
INFO: Playing sound: move
May 20, 2025 10:33:36 PM gui.Main log
INFO: There is nothing here
May 20, 2025 10:33:37 PM gui.Main logFileOnly
INFO: pressed up
May 20, 2025 10:33:37 PM gui.Main logFileOnly
INFO: Playing sound: move
May 20, 2025 10:33:37 PM gui.Main logFileOnly
INFO: Playing sound: battle
May 20, 2025 10:33:37 PM gui.Main log
INFO: Here lies the corpse of Blerp
May 20, 2025 10:33:37 PM gui.Main logFileOnly
INFO: pressed up
May 20, 2025 10:33:37 PM gui.Main logFileOnly
INFO: Playing sound: move
May 20, 2025 10:33:37 PM gui.Main log
INFO: There is nothing here
May 20, 2025 10:33:38 PM gui.Main logFileOnly
INFO: pressed up
May 20, 2025 10:33:38 PM gui.Main logFileOnly
INFO: Playing sound: move
May 20, 2025 10:33:38 PM gui.Main logFileOnly
INFO: Playing sound: gold
May 20, 2025 10:33:38 PM gui.Main log
INFO: You found 3 gold!
May 20, 2025 10:33:39 PM gui.Main logFileOnly
INFO: pressed up
May 20, 2025 10:33:39 PM gui.Main logFileOnly
INFO: Playing sound: move
May 20, 2025 10:33:39 PM gui.Main log
INFO: There is nothing here
May 20, 2025 10:33:39 PM gui.Main logFileOnly
INFO: pressed right
May 20, 2025 10:33:39 PM gui.Main logFileOnly
INFO: Playing sound: move
May 20, 2025 10:33:39 PM gui.Main logFileOnly
INFO: Playing sound: battle
May 20, 2025 10:33:39 PM gui.Main log
INFO: You encountered Klang. He roars and stomps the ground. Uh-oh. Time to battle!
You hit Klang for 4HP.
Klang hits you for 1HP. Weak hit!
You hit Klang for 3HP.
Klang hits you for 4HP.
You hit Klang for 6HP.
The monster comes crashing to the floor...
You were victorious! You gained 15 xp.
May 20, 2025 10:33:40 PM gui.Main logFileOnly
INFO: pressed left
May 20, 2025 10:33:40 PM gui.Main logFileOnly
INFO: Playing sound: move
May 20, 2025 10:33:40 PM gui.Main log
INFO: There is nothing here
May 20, 2025 10:33:40 PM gui.Main logFileOnly
INFO: pressed left
May 20, 2025 10:33:40 PM gui.Main logFileOnly
INFO: Playing sound: move
May 20, 2025 10:33:40 PM gui.Main logFileOnly
INFO: Playing sound: battle
May 20, 2025 10:33:40 PM gui.Main log
INFO: You encountered Wharg. Watch out! Time to battle!
You hit Wharg for 5HP.
Wharg hits you for 1HP. Weak hit!
You hit Wharg for 4HP.
Ka-chunk! Blergh!
You were victorious! You gained 15 xp.
May 20, 2025 10:33:42 PM gui.Main logFileOnly
INFO: pressed up
May 20, 2025 10:33:42 PM gui.Main logFileOnly
INFO: Playing sound: move
May 20, 2025 10:33:42 PM gui.Main logFileOnly
INFO: Playing sound: gold
May 20, 2025 10:33:42 PM gui.Main log
INFO: You found 3 gold!
May 20, 2025 10:33:43 PM gui.Main logFileOnly
INFO: pressed left
May 20, 2025 10:33:43 PM gui.Main logFileOnly
INFO: Playing sound: move
May 20, 2025 10:33:43 PM gui.Main logFileOnly
INFO: Playing sound: stairs
May 20, 2025 10:33:43 PM gui.Main log
INFO: 
You take the stairs, going down another floor...

May 20, 2025 10:33:45 PM gui.Main logFileOnly
INFO: pressed right
May 20, 2025 10:33:45 PM gui.Main logFileOnly
INFO: Playing sound: move
May 20, 2025 10:33:45 PM gui.Main logFileOnly
INFO: Playing sound: battle
May 20, 2025 10:33:45 PM gui.Main log
INFO: You encountered Klang, a terrifying beasty I must say. Time to battle!
You hit Klang for 7HP.
Klang hits you for 4HP.
You hit Klang for 9HP.
Ka-chunk! Blergh!
You were victorious! You gained 15 xp.
May 20, 2025 10:33:45 PM gui.Main logFileOnly
INFO: pressed right
May 20, 2025 10:33:45 PM gui.Main logFileOnly
INFO: Playing sound: move
May 20, 2025 10:33:45 PM gui.Main logFileOnly
INFO: Playing sound: gold
May 20, 2025 10:33:45 PM gui.Main log
INFO: You found 3 gold!
May 20, 2025 10:33:46 PM gui.Main logFileOnly
INFO: pressed right
May 20, 2025 10:33:46 PM gui.Main logFileOnly
INFO: Playing sound: move
May 20, 2025 10:33:46 PM gui.Main logFileOnly
INFO: Playing sound: battle
May 20, 2025 10:33:46 PM gui.Main log
INFO: You encountered Karump - ew, slimy. Time to battle!
You hit Karump for 4HP.
Karump hits you for 2HP.
You hit Karump for 4HP.
Karump hits you for 1HP. Weak hit!
You hit Karump for 9HP.
Ka-chunk! Blergh!
You were victorious! You gained 15 xp.
May 20, 2025 10:33:46 PM gui.Main logFileOnly
INFO: pressed up
May 20, 2025 10:33:46 PM gui.Main logFileOnly
INFO: Playing sound: move
May 20, 2025 10:33:46 PM gui.Main log
INFO: There is nothing here
May 20, 2025 10:33:47 PM gui.Main logFileOnly
INFO: pressed up
May 20, 2025 10:33:47 PM gui.Main logFileOnly
INFO: Playing sound: move
May 20, 2025 10:33:47 PM gui.Main logFileOnly
INFO: Playing sound: gold
May 20, 2025 10:33:47 PM gui.Main log
INFO: You found 3 gold!
May 20, 2025 10:33:47 PM gui.Main logFileOnly
INFO: pressed up
May 20, 2025 10:33:47 PM gui.Main logFileOnly
INFO: Playing sound: move
May 20, 2025 10:33:47 PM gui.Main log
INFO: There is nothing here
May 20, 2025 10:33:47 PM gui.Main logFileOnly
INFO: pressed up
May 20, 2025 10:33:47 PM gui.Main logFileOnly
INFO: Playing sound: move
May 20, 2025 10:33:47 PM gui.Main log
INFO: There is nothing here
May 20, 2025 10:33:48 PM gui.Main logFileOnly
INFO: pressed left
May 20, 2025 10:33:48 PM gui.Main logFileOnly
INFO: Playing sound: move
May 20, 2025 10:33:48 PM gui.Main logFileOnly
INFO: Playing sound: gold
May 20, 2025 10:33:48 PM gui.Main log
INFO: You found 3 gold!
May 20, 2025 10:33:48 PM gui.Main logFileOnly
INFO: pressed left
May 20, 2025 10:33:48 PM gui.Main logFileOnly
INFO: Playing sound: move
May 20, 2025 10:33:48 PM gui.Main logFileOnly
INFO: Playing sound: stairs
May 20, 2025 10:33:48 PM gui.Main log
INFO: 
You take the stairs, going down another floor...

May 20, 2025 10:33:50 PM gui.Main logFileOnly
INFO: pressed right
May 20, 2025 10:33:50 PM gui.Main logFileOnly
INFO: Playing sound: move
May 20, 2025 10:33:50 PM gui.Main logFileOnly
INFO: Playing sound: battle
May 20, 2025 10:33:50 PM gui.Main log
INFO: You encountered Drerf, who is a very hairy monster. Time to battle!
You hit Drerf for 7HP.
Drerf hits you for 3HP.
You hit Drerf for 3HP.
Ka-chunk! Blergh!
You were victorious! You gained 15 xp.
May 20, 2025 10:33:50 PM gui.Main logFileOnly
INFO: pressed right
May 20, 2025 10:33:50 PM gui.Main logFileOnly
INFO: Playing sound: move
May 20, 2025 10:33:50 PM gui.Main logFileOnly
INFO: Playing sound: gold
May 20, 2025 10:33:50 PM gui.Main log
INFO: You found 3 gold!
May 20, 2025 10:33:51 PM gui.Main logFileOnly
INFO: pressed right
May 20, 2025 10:33:51 PM gui.Main logFileOnly
INFO: Playing sound: move
May 20, 2025 10:33:51 PM gui.Main logFileOnly
INFO: Playing sound: battle
May 20, 2025 10:33:51 PM gui.Main log
INFO: You encountered Glarg. He roars and stomps the ground. Uh-oh. Time to battle!
You hit Glarg for 8HP.
Glarg hits you for 1HP. Weak hit!
You hit Glarg for 6HP.
Ka-chunk! Blergh!
You were victorious! You gained 15 xp.
May 20, 2025 10:33:52 PM gui.Main logFileOnly
INFO: pressed up
May 20, 2025 10:33:52 PM gui.Main logFileOnly
INFO: Playing sound: move
May 20, 2025 10:33:52 PM gui.Main log
INFO: There is nothing here
May 20, 2025 10:33:52 PM gui.Main logFileOnly
INFO: pressed up
May 20, 2025 10:33:52 PM gui.Main logFileOnly
INFO: Playing sound: move
May 20, 2025 10:33:52 PM gui.Main logFileOnly
INFO: Playing sound: gold
May 20, 2025 10:33:52 PM gui.Main log
INFO: You found 3 gold!
May 20, 2025 10:33:52 PM gui.Main logFileOnly
INFO: pressed up
May 20, 2025 10:33:52 PM gui.Main logFileOnly
INFO: Playing sound: move
May 20, 2025 10:33:52 PM gui.Main log
INFO: There is nothing here
May 20, 2025 10:33:52 PM gui.Main logFileOnly
INFO: pressed up
May 20, 2025 10:33:52 PM gui.Main logFileOnly
INFO: Playing sound: move
May 20, 2025 10:33:52 PM gui.Main log
INFO: There is nothing here
May 20, 2025 10:33:53 PM gui.Main logFileOnly
INFO: pressed left
May 20, 2025 10:33:53 PM gui.Main logFileOnly
INFO: Playing sound: move
May 20, 2025 10:33:53 PM gui.Main logFileOnly
INFO: Playing sound: gold
May 20, 2025 10:33:53 PM gui.Main log
INFO: You found 3 gold!
May 20, 2025 10:33:53 PM gui.Main logFileOnly
INFO: pressed left
May 20, 2025 10:33:53 PM gui.Main logFileOnly
INFO: Playing sound: move
May 20, 2025 10:33:53 PM gui.Main logFileOnly
INFO: Playing sound: stairs
May 20, 2025 10:33:53 PM gui.Main log
INFO: 
**************
You take the stairs. They lead to another dungeon. Your HP has been reset. Weird.

The Damnable Mines of Drastic Dereliction dare your doughty derriere through its dreadful doors

May 20, 2025 10:34:42 PM gui.Main logFileOnly
INFO: pressed left
May 20, 2025 10:34:42 PM gui.Main logFileOnly
INFO: Playing sound: move
May 20, 2025 10:34:42 PM gui.Main log
INFO: There is nothing here
May 20, 2025 10:34:42 PM gui.Main logFileOnly
INFO: pressed up
May 20, 2025 10:34:42 PM gui.Main logFileOnly
INFO: Playing sound: move
May 20, 2025 10:34:42 PM gui.Main logFileOnly
INFO: Playing sound: gold
May 20, 2025 10:34:42 PM gui.Main log
INFO: You found 4 gold!
May 20, 2025 10:34:43 PM gui.Main logFileOnly
INFO: pressed up
May 20, 2025 10:34:43 PM gui.Main logFileOnly
INFO: Playing sound: move
May 20, 2025 10:34:43 PM gui.Main logFileOnly
INFO: Playing sound: battle
May 20, 2025 10:34:43 PM gui.Main log
INFO: You encountered Herg. It doesn't seem to like you. Time to battle!
You hit Herg for 4HP.
Herg hits you for 3HP.
You hit Herg for 8HP.
The monster comes crashing to the floor...
You were victorious! You gained 20 xp.
You levelled up! Your new level is 4
May 20, 2025 10:34:43 PM gui.Main logFileOnly
INFO: pressed up
May 20, 2025 10:34:43 PM gui.Main logFileOnly
INFO: Playing sound: move
May 20, 2025 10:34:43 PM gui.Main log
INFO: There is nothing here
May 20, 2025 10:34:43 PM gui.Main logFileOnly
INFO: pressed up
May 20, 2025 10:34:43 PM gui.Main logFileOnly
INFO: Playing sound: move
May 20, 2025 10:34:43 PM gui.Main log
INFO: There is nothing here
May 20, 2025 10:34:43 PM gui.Main logFileOnly
INFO: pressed up
May 20, 2025 10:34:43 PM gui.Main logFileOnly
INFO: Playing sound: move
May 20, 2025 10:34:43 PM gui.Main logFileOnly
INFO: Playing sound: battle
May 20, 2025 10:34:43 PM gui.Main log
INFO: You encountered Blarg. Woah. Good luck! Time to battle!
You hit Blarg for 10HP.
Blarg hits you for 2HP.
You hit Blarg for 4HP.
Ka-chunk! Blergh!
You were victorious! You gained 20 xp.
May 20, 2025 10:34:44 PM gui.Main logFileOnly
INFO: pressed up
May 20, 2025 10:34:44 PM gui.Main logFileOnly
INFO: Playing sound: move
May 20, 2025 10:34:44 PM gui.Main log
INFO: There is nothing here
May 20, 2025 10:34:44 PM gui.Main logFileOnly
INFO: pressed right
May 20, 2025 10:34:44 PM gui.Main logFileOnly
INFO: Playing sound: move
May 20, 2025 10:34:44 PM gui.Main logFileOnly
INFO: Playing sound: gold
May 20, 2025 10:34:44 PM gui.Main log
INFO: You found 4 gold!
May 20, 2025 10:34:44 PM gui.Main logFileOnly
INFO: pressed right
May 20, 2025 10:34:44 PM gui.Main logFileOnly
INFO: Playing sound: move
May 20, 2025 10:34:44 PM gui.Main logFileOnly
INFO: Playing sound: battle
May 20, 2025 10:34:44 PM gui.Main log
INFO: You encountered Glarg. It doesn't seem to like you. Time to battle!
You hit Glarg for 12HP.
Ka-chunk! Blergh!
You were victorious! You gained 20 xp.
May 20, 2025 10:34:44 PM gui.Main logFileOnly
INFO: pressed right
May 20, 2025 10:34:44 PM gui.Main logFileOnly
INFO: Playing sound: move
May 20, 2025 10:34:44 PM gui.Main logFileOnly
INFO: Playing sound: stairs
May 20, 2025 10:34:44 PM gui.Main log
INFO: 
You take the stairs, going down another floor...

May 20, 2025 10:34:46 PM gui.Main logFileOnly
INFO: pressed down
May 20, 2025 10:34:46 PM gui.Main logFileOnly
INFO: Playing sound: move
May 20, 2025 10:34:46 PM gui.Main log
INFO: There is nothing here
May 20, 2025 10:34:46 PM gui.Main logFileOnly
INFO: pressed down
May 20, 2025 10:34:46 PM gui.Main logFileOnly
INFO: Playing sound: move
May 20, 2025 10:34:46 PM gui.Main log
INFO: There is nothing here
May 20, 2025 10:34:46 PM gui.Main logFileOnly
INFO: pressed down
May 20, 2025 10:34:46 PM gui.Main logFileOnly
INFO: Playing sound: move
May 20, 2025 10:34:46 PM gui.Main logFileOnly
INFO: Playing sound: battle
May 20, 2025 10:34:46 PM gui.Main log
INFO: You encountered Karump. Watch out! Time to battle!
You hit Karump for 8HP.
Karump hits you for 5HP.
You hit Karump for 9HP.
The monster comes crashing to the floor...
You were victorious! You gained 20 xp.
May 20, 2025 10:34:46 PM gui.Main logFileOnly
INFO: pressed down
May 20, 2025 10:34:46 PM gui.Main logFileOnly
INFO: Playing sound: move
May 20, 2025 10:34:46 PM gui.Main log
INFO: There is nothing here
May 20, 2025 10:34:46 PM gui.Main logFileOnly
INFO: pressed down
May 20, 2025 10:34:46 PM gui.Main logFileOnly
INFO: Playing sound: move
May 20, 2025 10:34:46 PM gui.Main log
INFO: There is nothing here
May 20, 2025 10:34:46 PM gui.Main logFileOnly
INFO: pressed down
May 20, 2025 10:34:46 PM gui.Main logFileOnly
INFO: Playing sound: move
May 20, 2025 10:34:46 PM gui.Main logFileOnly
INFO: Playing sound: gold
May 20, 2025 10:34:46 PM gui.Main log
INFO: You found 4 gold!
May 20, 2025 10:34:47 PM gui.Main logFileOnly
INFO: pressed down
May 20, 2025 10:34:47 PM gui.Main logFileOnly
INFO: Playing sound: move
May 20, 2025 10:34:47 PM gui.Main log
INFO: There is nothing here
May 20, 2025 10:34:47 PM gui.Main logFileOnly
INFO: pressed left
May 20, 2025 10:34:47 PM gui.Main logFileOnly
INFO: Playing sound: move
May 20, 2025 10:34:47 PM gui.Main log
INFO: There is nothing here
May 20, 2025 10:34:47 PM gui.Main logFileOnly
INFO: pressed left
May 20, 2025 10:34:47 PM gui.Main logFileOnly
INFO: Playing sound: move
May 20, 2025 10:34:47 PM gui.Main log
INFO: There is nothing here
May 20, 2025 10:34:47 PM gui.Main logFileOnly
INFO: pressed left
May 20, 2025 10:34:47 PM gui.Main logFileOnly
INFO: Playing sound: move
May 20, 2025 10:34:47 PM gui.Main logFileOnly
INFO: Playing sound: battle
May 20, 2025 10:34:47 PM gui.Main log
INFO: You encountered Karump. Watch out! Time to battle!
You hit Karump for 8HP.
Karump hits you for 5HP.
You hit Karump for 6HP.
Ka-chunk! Blergh!
You were victorious! You gained 20 xp.
May 20, 2025 10:34:48 PM gui.Main logFileOnly
INFO: pressed left
May 20, 2025 10:34:48 PM gui.Main logFileOnly
INFO: Playing sound: move
May 20, 2025 10:34:48 PM gui.Main log
INFO: There is nothing here
May 20, 2025 10:34:48 PM gui.Main logFileOnly
INFO: pressed left
May 20, 2025 10:34:48 PM gui.Main logFileOnly
INFO: Playing sound: move
May 20, 2025 10:34:48 PM gui.Main log
INFO: There is nothing here
May 20, 2025 10:34:48 PM gui.Main logFileOnly
INFO: pressed left
May 20, 2025 10:34:48 PM gui.Main log
INFO: You can't move here! Try again.
May 20, 2025 10:34:48 PM gui.Main logFileOnly
INFO: Playing sound: bump
May 20, 2025 10:34:49 PM gui.Main logFileOnly
INFO: pressed up
May 20, 2025 10:34:49 PM gui.Main logFileOnly
INFO: Playing sound: move
May 20, 2025 10:34:49 PM gui.Main logFileOnly
INFO: Playing sound: gold
May 20, 2025 10:34:49 PM gui.Main log
INFO: You found 4 gold!
May 20, 2025 10:34:49 PM gui.Main logFileOnly
INFO: pressed up
May 20, 2025 10:34:49 PM gui.Main logFileOnly
INFO: Playing sound: move
May 20, 2025 10:34:49 PM gui.Main log
INFO: There is nothing here
May 20, 2025 10:34:49 PM gui.Main logFileOnly
INFO: pressed up
May 20, 2025 10:34:49 PM gui.Main logFileOnly
INFO: Playing sound: move
May 20, 2025 10:34:49 PM gui.Main log
INFO: There is nothing here
May 20, 2025 10:34:49 PM gui.Main logFileOnly
INFO: pressed up
May 20, 2025 10:34:49 PM gui.Main logFileOnly
INFO: Playing sound: move
May 20, 2025 10:34:49 PM gui.Main logFileOnly
INFO: Playing sound: battle
May 20, 2025 10:34:49 PM gui.Main log
INFO: You encountered Karump. It doesn't seem to like you. Time to battle!
You hit Karump for 8HP.
Karump hits you for 4HP.
You hit Karump for 5HP.
The monster comes crashing to the floor...
You were victorious! You gained 20 xp.
May 20, 2025 10:34:49 PM gui.Main logFileOnly
INFO: pressed up
May 20, 2025 10:34:49 PM gui.Main logFileOnly
INFO: Playing sound: move
May 20, 2025 10:34:49 PM gui.Main log
INFO: There is nothing here
May 20, 2025 10:34:49 PM gui.Main logFileOnly
INFO: pressed up
May 20, 2025 10:34:49 PM gui.Main logFileOnly
INFO: Playing sound: move
May 20, 2025 10:34:49 PM gui.Main log
INFO: There is nothing here
May 20, 2025 10:34:49 PM gui.Main logFileOnly
INFO: pressed up
May 20, 2025 10:34:49 PM gui.Main logFileOnly
INFO: Playing sound: move
May 20, 2025 10:34:49 PM gui.Main logFileOnly
INFO: Playing sound: gold
May 20, 2025 10:34:49 PM gui.Main log
INFO: You found 4 gold!
May 20, 2025 10:34:50 PM gui.Main logFileOnly
INFO: pressed right
May 20, 2025 10:34:50 PM gui.Main logFileOnly
INFO: Playing sound: move
May 20, 2025 10:34:50 PM gui.Main log
INFO: There is nothing here
May 20, 2025 10:34:50 PM gui.Main logFileOnly
INFO: pressed right
May 20, 2025 10:34:50 PM gui.Main logFileOnly
INFO: Playing sound: move
May 20, 2025 10:34:50 PM gui.Main log
INFO: There is nothing here
May 20, 2025 10:34:50 PM gui.Main logFileOnly
INFO: pressed right
May 20, 2025 10:34:50 PM gui.Main logFileOnly
INFO: Playing sound: move
May 20, 2025 10:34:50 PM gui.Main logFileOnly
INFO: Playing sound: stairs
May 20, 2025 10:34:50 PM gui.Main log
INFO: 
You take the stairs, going down another floor...

May 20, 2025 10:34:53 PM gui.Main logFileOnly
INFO: pressed down
May 20, 2025 10:34:53 PM gui.Main logFileOnly
INFO: Playing sound: move
May 20, 2025 10:34:53 PM gui.Main log
INFO: There is nothing here
May 20, 2025 10:34:53 PM gui.Main logFileOnly
INFO: pressed down
May 20, 2025 10:34:53 PM gui.Main logFileOnly
INFO: Playing sound: move
May 20, 2025 10:34:53 PM gui.Main logFileOnly
INFO: Playing sound: battle
May 20, 2025 10:34:53 PM gui.Main log
INFO: You encountered Blerp, who does not look happy to see you. Time to battle!
You hit Blerp for 6HP.
Blerp hits you for 5HP.
You hit Blerp for 6HP.
Ka-chunk! Blergh!
You were victorious! You gained 20 xp.
May 20, 2025 10:34:53 PM gui.Main logFileOnly
INFO: pressed down
May 20, 2025 10:34:53 PM gui.Main logFileOnly
INFO: Playing sound: move
May 20, 2025 10:34:53 PM gui.Main log
INFO: There is nothing here
May 20, 2025 10:34:54 PM gui.Main logFileOnly
INFO: pressed right
May 20, 2025 10:34:54 PM gui.Main logFileOnly
INFO: Playing sound: move
May 20, 2025 10:34:54 PM gui.Main logFileOnly
INFO: Playing sound: battle
May 20, 2025 10:34:54 PM gui.Main log
INFO: You encountered Klang. Watch out! Time to battle!
You hit Klang for 7HP.
Klang hits you for 4HP.
You hit Klang for 11HP.
Pow! Biff! Wallop! Knock out!
You were victorious! You gained 20 xp.
May 20, 2025 10:34:54 PM gui.Main logFileOnly
INFO: pressed right
May 20, 2025 10:34:54 PM gui.Main logFileOnly
INFO: Playing sound: move
May 20, 2025 10:34:54 PM gui.Main log
INFO: There is nothing here
May 20, 2025 10:34:55 PM gui.Main logFileOnly
INFO: pressed up
May 20, 2025 10:34:55 PM gui.Main logFileOnly
INFO: Playing sound: move
May 20, 2025 10:34:55 PM gui.Main log
INFO: There is nothing here
May 20, 2025 10:34:55 PM gui.Main logFileOnly
INFO: pressed up
May 20, 2025 10:34:55 PM gui.Main logFileOnly
INFO: Playing sound: move
May 20, 2025 10:34:55 PM gui.Main log
INFO: There is nothing here
May 20, 2025 10:34:55 PM gui.Main logFileOnly
INFO: pressed up
May 20, 2025 10:34:55 PM gui.Main logFileOnly
INFO: Playing sound: move
May 20, 2025 10:34:55 PM gui.Main log
INFO: There is nothing here
May 20, 2025 10:34:55 PM gui.Main logFileOnly
INFO: pressed up
May 20, 2025 10:34:55 PM gui.Main logFileOnly
INFO: Playing sound: move
May 20, 2025 10:34:55 PM gui.Main logFileOnly
INFO: Playing sound: gold
May 20, 2025 10:34:55 PM gui.Main log
INFO: You found 4 gold!
May 20, 2025 10:34:55 PM gui.Main logFileOnly
INFO: pressed up
May 20, 2025 10:34:55 PM gui.Main logFileOnly
INFO: Playing sound: move
May 20, 2025 10:34:55 PM gui.Main logFileOnly
INFO: Playing sound: battle
May 20, 2025 10:34:55 PM gui.Main log
INFO: You encountered Karump. It doesn't seem to like you. Time to battle!
You hit Karump for 11HP.
Karump hits you for 5HP.
You hit Karump for 11HP.
The monster comes crashing to the floor...
You were victorious! You gained 20 xp.
May 20, 2025 10:34:56 PM gui.Main logFileOnly
INFO: pressed up
May 20, 2025 10:34:56 PM gui.Main logFileOnly
INFO: Playing sound: move
May 20, 2025 10:34:56 PM gui.Main log
INFO: There is nothing here
May 20, 2025 10:34:56 PM gui.Main logFileOnly
INFO: pressed left
May 20, 2025 10:34:56 PM gui.Main logFileOnly
INFO: Playing sound: move
May 20, 2025 10:34:56 PM gui.Main logFileOnly
INFO: Playing sound: gold
May 20, 2025 10:34:56 PM gui.Main log
INFO: You found 4 gold!
May 20, 2025 10:34:57 PM gui.Main logFileOnly
INFO: pressed left
May 20, 2025 10:34:57 PM gui.Main logFileOnly
INFO: Playing sound: move
May 20, 2025 10:34:57 PM gui.Main log
INFO: There is nothing here
May 20, 2025 10:34:57 PM gui.Main logFileOnly
INFO: pressed left
May 20, 2025 10:34:57 PM gui.Main log
INFO: You can't move here! Try again.
May 20, 2025 10:34:57 PM gui.Main logFileOnly
INFO: Playing sound: bump
May 20, 2025 10:34:57 PM gui.Main logFileOnly
INFO: pressed up
May 20, 2025 10:34:57 PM gui.Main logFileOnly
INFO: Playing sound: move
May 20, 2025 10:34:57 PM gui.Main logFileOnly
INFO: Playing sound: battle
May 20, 2025 10:34:57 PM gui.Main log
INFO: You encountered Wharg, a terrifying beasty I must say. Time to battle!
You hit Wharg for 10HP.
Wharg hits you for 2HP.
You hit Wharg for 8HP.
The monster comes crashing to the floor...
You were victorious! You gained 20 xp.
May 20, 2025 10:34:58 PM gui.Main logFileOnly
INFO: pressed left
May 20, 2025 10:34:58 PM gui.Main logFileOnly
INFO: Playing sound: move
May 20, 2025 10:34:58 PM gui.Main logFileOnly
INFO: Playing sound: stairs
May 20, 2025 10:34:58 PM gui.Main log
INFO: 
You take the stairs, going down another floor...

May 20, 2025 10:34:59 PM gui.Main logFileOnly
INFO: pressed down
May 20, 2025 10:34:59 PM gui.Main logFileOnly
INFO: Playing sound: move
May 20, 2025 10:34:59 PM gui.Main log
INFO: There is nothing here
May 20, 2025 10:34:59 PM gui.Main logFileOnly
INFO: pressed down
May 20, 2025 10:34:59 PM gui.Main logFileOnly
INFO: Playing sound: move
May 20, 2025 10:34:59 PM gui.Main logFileOnly
INFO: Playing sound: battle
May 20, 2025 10:34:59 PM gui.Main log
INFO: You encountered Wharg, who is a very hairy monster. Time to battle!
You hit Wharg for 5HP.
Wharg hits you for 5HP.
You hit Wharg for 7HP.
Pow! Biff! Wallop! Knock out!
You were victorious! You gained 20 xp.
May 20, 2025 10:34:59 PM gui.Main logFileOnly
INFO: pressed down
May 20, 2025 10:34:59 PM gui.Main logFileOnly
INFO: Playing sound: move
May 20, 2025 10:34:59 PM gui.Main log
INFO: There is nothing here
May 20, 2025 10:35:00 PM gui.Main logFileOnly
INFO: pressed right
May 20, 2025 10:35:00 PM gui.Main logFileOnly
INFO: Playing sound: move
May 20, 2025 10:35:00 PM gui.Main logFileOnly
INFO: Playing sound: battle
May 20, 2025 10:35:00 PM gui.Main log
INFO: You encountered Glarg. "Grr!" they shout, very convincingly. Time to battle!
You hit Glarg for 12HP.
Ka-chunk! Blergh!
You were victorious! You gained 20 xp.
May 20, 2025 10:35:00 PM gui.Main logFileOnly
INFO: pressed right
May 20, 2025 10:35:00 PM gui.Main logFileOnly
INFO: Playing sound: move
May 20, 2025 10:35:00 PM gui.Main log
INFO: There is nothing here
May 20, 2025 10:35:00 PM gui.Main logFileOnly
INFO: pressed right
May 20, 2025 10:35:00 PM gui.Main logFileOnly
INFO: Playing sound: move
May 20, 2025 10:35:00 PM gui.Main log
INFO: There is nothing here
May 20, 2025 10:35:01 PM gui.Main logFileOnly
INFO: pressed left
May 20, 2025 10:35:01 PM gui.Main logFileOnly
INFO: Playing sound: move
May 20, 2025 10:35:01 PM gui.Main log
INFO: There is nothing here
May 20, 2025 10:35:02 PM gui.Main logFileOnly
INFO: pressed up
May 20, 2025 10:35:02 PM gui.Main logFileOnly
INFO: Playing sound: move
May 20, 2025 10:35:02 PM gui.Main log
INFO: There is nothing here
May 20, 2025 10:35:02 PM gui.Main logFileOnly
INFO: pressed up
May 20, 2025 10:35:02 PM gui.Main logFileOnly
INFO: Playing sound: move
May 20, 2025 10:35:02 PM gui.Main log
INFO: There is nothing here
May 20, 2025 10:35:02 PM gui.Main logFileOnly
INFO: pressed up
May 20, 2025 10:35:02 PM gui.Main logFileOnly
INFO: Playing sound: move
May 20, 2025 10:35:02 PM gui.Main log
INFO: There is nothing here
May 20, 2025 10:35:02 PM gui.Main logFileOnly
INFO: pressed up
May 20, 2025 10:35:02 PM gui.Main logFileOnly
INFO: Playing sound: move
May 20, 2025 10:35:02 PM gui.Main logFileOnly
INFO: Playing sound: gold
May 20, 2025 10:35:02 PM gui.Main log
INFO: You found 4 gold!
May 20, 2025 10:35:02 PM gui.Main logFileOnly
INFO: pressed up
May 20, 2025 10:35:02 PM gui.Main logFileOnly
INFO: Playing sound: move
May 20, 2025 10:35:02 PM gui.Main logFileOnly
INFO: Playing sound: battle
May 20, 2025 10:35:02 PM gui.Main log
INFO: You encountered Klerp. It doesn't seem to like you. Time to battle!
You hit Klerp for 10HP.
Klerp hits you for 4HP.
You hit Klerp for 9HP.
Pow! Biff! Wallop! Knock out!
You were victorious! You gained 20 xp.
May 20, 2025 10:35:02 PM gui.Main logFileOnly
INFO: pressed up
May 20, 2025 10:35:02 PM gui.Main logFileOnly
INFO: Playing sound: move
May 20, 2025 10:35:02 PM gui.Main log
INFO: There is nothing here
May 20, 2025 10:35:03 PM gui.Main logFileOnly
INFO: pressed left
May 20, 2025 10:35:03 PM gui.Main logFileOnly
INFO: Playing sound: move
May 20, 2025 10:35:03 PM gui.Main logFileOnly
INFO: Playing sound: gold
May 20, 2025 10:35:03 PM gui.Main log
INFO: You found 4 gold!
May 20, 2025 10:35:03 PM gui.Main logFileOnly
INFO: pressed left
May 20, 2025 10:35:03 PM gui.Main logFileOnly
INFO: Playing sound: move
May 20, 2025 10:35:03 PM gui.Main log
INFO: There is nothing here
May 20, 2025 10:35:03 PM gui.Main logFileOnly
INFO: pressed left
May 20, 2025 10:35:03 PM gui.Main log
INFO: You can't move here! Try again.
May 20, 2025 10:35:03 PM gui.Main logFileOnly
INFO: Playing sound: bump
May 20, 2025 10:35:04 PM gui.Main logFileOnly
INFO: pressed up
May 20, 2025 10:35:04 PM gui.Main logFileOnly
INFO: Playing sound: move
May 20, 2025 10:35:04 PM gui.Main logFileOnly
INFO: Playing sound: battle
May 20, 2025 10:35:04 PM gui.Main log
INFO: You encountered Blarg. It doesn't seem to like you. Time to battle!
You hit Blarg for 9HP.
Blarg hits you for 4HP.
You hit Blarg for 5HP.
Ka-chunk! Blergh!
You were victorious! You gained 20 xp.
May 20, 2025 10:35:04 PM gui.Main logFileOnly
INFO: pressed left
May 20, 2025 10:35:04 PM gui.Main logFileOnly
INFO: Playing sound: move
May 20, 2025 10:35:04 PM gui.Main logFileOnly
INFO: Playing sound: stairs
May 20, 2025 10:35:04 PM gui.Main log
INFO: 
May 20, 2025 10:35:04 PM gui.Main log
INFO:  Congratulations, you have completed all dungeons! 
May 20, 2025 10:35:04 PM gui.Main logFileOnly
INFO: Playing sound: victory
May 20, 2025 10:35:09 PM gui.Main log
INFO: Welcome to the most fantastic *Djeneric Dungeon Crawler!*
May 20, 2025 10:35:09 PM gui.Main log
INFO: You stride into the fiendishly not very difficult Caverns of Adoddle
May 20, 2025 10:35:19 PM gui.Main logFileOnly
INFO: pressed quit
