May 20, 2025 9:22:30 PM gui.Main log
INFO: Welcome to the most fantastic *Djeneric Dungeon Crawler!*

May 20, 2025 9:22:30 PM gui.Main log
INFO: You stride into the fiendishly not very difficult Caverns of Adoddle

May 20, 2025 9:22:34 PM gui.Main logFileOnly
INFO: pressed right
May 20, 2025 9:22:34 PM gui.Main log
INFO: There is nothing here

May 20, 2025 9:22:34 PM gui.Main logFileOnly
INFO: pressed right
May 20, 2025 9:22:34 PM gui.Main log
INFO: There is nothing here

May 20, 2025 9:22:35 PM gui.Main logFileOnly
INFO: pressed right
May 20, 2025 9:22:35 PM gui.Main log
INFO: You found 1 gold!

May 20, 2025 9:22:35 PM gui.Main logFileOnly
INFO: pressed left
May 20, 2025 9:22:35 PM gui.Main log
INFO: There is nothing here

May 20, 2025 9:22:38 PM gui.Main logFileOnly
INFO: pressed up
May 20, 2025 9:22:38 PM gui.Main log
INFO: You encountered Wharg. It doesn't seem to like you. Time to battle!
You hit Wharg for 1HP.
Wharg hits you for 1HP.
You hit Wharg for 1HP.
Wharg hits you for 1HP.
You hit Wharg for 3HP.
Pow! Biff! Wallop! Knock out!
You were victorious! You gained 5 xp.

May 20, 2025 9:22:39 PM gui.Main logFileOnly
INFO: pressed up
May 20, 2025 9:22:39 PM gui.Main log
INFO: You found 1 gold!

May 20, 2025 9:22:40 PM gui.Main logFileOnly
INFO: pressed down
May 20, 2025 9:22:40 PM gui.Main log
INFO: Here lies the corpse of Wharg

May 20, 2025 9:22:41 PM gui.Main logFileOnly
INFO: pressed down
May 20, 2025 9:22:41 PM gui.Main log
INFO: There is nothing here

May 20, 2025 9:22:41 PM gui.Main logFileOnly
INFO: pressed down
May 20, 2025 9:22:41 PM gui.Main log
INFO: There is nothing here

May 20, 2025 9:22:42 PM gui.Main logFileOnly
INFO: pressed down
May 20, 2025 9:22:42 PM gui.Main log
INFO: You encountered Klang, wow they look disgusting. Time to battle!
You hit Klang for 2HP.
Klang hits you for 1HP.
You hit Klang for 2HP.
Ka-chunk! Blergh!
You were victorious! You gained 5 xp.

May 20, 2025 9:22:44 PM gui.Main logFileOnly
INFO: pressed left
May 20, 2025 9:22:44 PM gui.Main log
INFO: This door requires 5 gold to open. You only have 2 gold. You cannot pass through.

